8=FIX4.4; 35=A; 34=1; 49=MTHREE; 56=MS; 52=2022-07-22-16:52:55; 108=30; 10=0015;
8=FIX4.4; 35=A; 34=1; 49=MS; 56=MTHREE; 52=2022-07-22-16:52:55; 108=30; 10=0016;
8=FIX4.4; 35=0; 34=2; 49=MTHREE; 56=MS; 52=2022-07-22-16:52:55; 108=30; 10=0015;
8=FIX4.4; 35=0; 34=2; 49=MS; 56=MTHREE; 52=2022-07-22-16:52:55; 108=30; 10=0015;
8=FIX4.4; 35=0; 34=3; 49=MTHREE; 56=MS; 52=2022-07-22-16:52:57; 108=30; 10=0015;
8=FIX4.4; 35=0; 34=3; 49=MS; 56=MTHREE; 52=2022-07-22-16:52:57; 108=30; 10=0015;
8=FIX4.4; 35=0; 34=4; 49=MTHREE; 56=MS; 52=2022-07-22-16:52:59; 108=30; 10=0015;
8=FIX4.4; 35=0; 34=4; 49=MS; 56=MTHREE; 52=2022-07-22-16:52:59; 108=30; 10=0015;
8=FIX4.4; 35=0; 34=5; 49=MTHREE; 56=MS; 52=2022-07-22-16:53:01; 108=30; 10=0015;
8=FIX4.4; 35=0; 34=5; 49=MS; 56=MTHREE; 52=2022-07-22-16:53:01; 108=30; 10=0015;
8=FIX4.4; 35=0; 34=6; 49=MTHREE; 56=MS; 52=2022-07-22-16:53:03; 108=30; 10=0015;
8=FIX4.4; 35=0; 34=6; 49=MS; 56=MTHREE; 52=2022-07-22-16:53:03; 108=30; 10=0015;
8=FIX4.4; 35=0; 34=7; 49=MTHREE; 56=MS; 52=2022-07-22-16:53:05; 108=30; 10=0015;
8=FIX4.4; 35=0; 34=7; 49=MS; 56=MTHREE; 52=2022-07-22-16:53:05; 108=30; 10=0015;
8=FIX4.4; 35=0; 34=8; 49=MTHREE; 56=MS; 52=2022-07-22-16:53:07; 108=30; 10=0015;
8=FIX4.4; 35=0; 34=8; 49=MS; 56=MTHREE; 52=2022-07-22-16:53:07; 108=30; 10=0015;
8=FIX4.4; 35=0; 34=9; 49=MTHREE; 56=MS; 52=2022-07-22-16:53:09; 108=30; 10=0015;
8=FIX4.4; 35=0; 34=9; 49=MS; 56=MTHREE; 52=2022-07-22-16:53:09; 108=30; 10=0015;
8=FIX4.4; 35=0; 34=10; 49=MTHREE; 56=MS; 52=2022-07-22-16:53:12; 108=30; 10=0015;
8=FIX4.4; 35=0; 34=10; 49=MS; 56=MTHREE; 52=2022-07-22-16:53:12; 108=30; 10=0015;
8=FIX4.4; 35=0; 34=11; 49=MTHREE; 56=MS; 52=2022-07-22-16:53:14; 108=30; 10=0015;
8=FIX4.4; 35=0; 34=11; 49=MS; 56=MTHREE; 52=2022-07-22-16:53:14; 108=30; 10=0015;
8=FIX4.4; 35=0; 34=12; 49=MTHREE; 56=MS; 52=2022-07-22-16:53:16; 108=30; 10=0015;
8=FIX4.4; 35=0; 34=12; 49=MS; 56=MTHREE; 52=2022-07-22-16:53:16; 108=30; 10=0015;
8=FIX4.4; 35=0; 34=13; 49=MTHREE; 56=MS; 52=2022-07-22-16:53:18; 108=30; 10=0015;
8=FIX4.4; 35=0; 34=13; 49=MS; 56=MTHREE; 52=2022-07-22-16:53:18; 108=30; 10=0015;
8=FIX4.4; 35=0; 34=14; 49=MTHREE; 56=MS; 52=2022-07-22-16:53:20; 108=30; 10=0015;
8=FIX4.4; 35=0; 34=14; 49=MS; 56=MTHREE; 52=2022-07-22-16:53:20; 108=30; 10=0015;
8=FIX4.4; 35=0; 34=15; 49=MTHREE; 56=MS; 52=2022-07-22-16:53:22; 108=30; 10=0015;
8=FIX4.4; 35=0; 34=15; 49=MS; 56=MTHREE; 52=2022-07-22-16:53:22; 108=30; 10=0015;
8=FIX4.4; 35=0; 34=16; 49=MTHREE; 56=MS; 52=2022-07-22-16:53:24; 108=30; 10=0015;
8=FIX4.4; 35=0; 34=16; 49=MS; 56=MTHREE; 52=2022-07-22-16:53:24; 108=30; 10=0015;
8=FIX4.4; 35=0; 34=17; 49=MTHREE; 56=MS; 52=2022-07-22-16:53:26; 108=30; 10=0015;
8=FIX4.4; 35=0; 34=17; 49=MS; 56=MTHREE; 52=2022-07-22-16:53:26; 108=30; 10=0015;
8=FIX4.4; 35=0; 34=18; 49=MTHREE; 56=MS; 52=2022-07-22-16:53:28; 108=30; 10=0015;
8=FIX4.4; 35=0; 34=18; 49=MS; 56=MTHREE; 52=2022-07-22-16:53:28; 108=30; 10=0015;
8=FIX4.4; 35=0; 34=19; 49=MTHREE; 56=MS; 52=2022-07-22-16:53:30; 108=30; 10=0015;
8=FIX4.4; 35=0; 34=19; 49=MS; 56=MTHREE; 52=2022-07-22-16:53:30; 108=30; 10=0015;
8=FIX4.4; 35=0; 34=20; 49=MTHREE; 56=MS; 52=2022-07-22-16:53:32; 108=30; 10=0015;
8=FIX4.4; 35=0; 34=20; 49=MS; 56=MTHREE; 52=2022-07-22-16:53:32; 108=30; 10=0015;
8=FIX4.4; 35=0; 34=21; 49=MTHREE; 56=MS; 52=2022-07-22-16:53:35; 108=30; 10=0015;
8=FIX4.4; 35=0; 34=21; 49=MS; 56=MTHREE; 52=2022-07-22-16:53:35; 108=30; 10=0015;
8=FIX4.4; 35=0; 34=22; 49=MTHREE; 56=MS; 52=2022-07-22-16:53:37; 108=30; 10=0015;
8=FIX4.4; 35=0; 34=22; 49=MS; 56=MTHREE; 52=2022-07-22-16:53:37; 108=30; 10=0015;
8=FIX4.4; 35=0; 34=23; 49=MTHREE; 56=MS; 52=2022-07-22-16:53:39; 108=30; 10=0015;
8=FIX4.4; 35=0; 34=23; 49=MS; 56=MTHREE; 52=2022-07-22-16:53:39; 108=30; 10=0015;
8=FIX4.4; 35=0; 34=24; 49=MTHREE; 56=MS; 52=2022-07-22-16:53:41; 108=30; 10=0015;
8=FIX4.4; 35=0; 34=24; 49=MS; 56=MTHREE; 52=2022-07-22-16:53:41; 108=30; 10=0015;
8=FIX4.4; 35=0; 34=25; 49=MTHREE; 56=MS; 52=2022-07-22-16:53:43; 108=30; 10=0015;
8=FIX4.4; 35=0; 34=25; 49=MS; 56=MTHREE; 52=2022-07-22-16:53:43; 108=30; 10=0015;
8=FIX4.4; 35=0; 34=26; 49=MTHREE; 56=MS; 52=2022-07-22-16:53:45; 108=30; 10=0015;
8=FIX4.4; 35=0; 34=26; 49=MS; 56=MTHREE; 52=2022-07-22-16:53:45; 108=30; 10=0015;
8=FIX4.4; 35=0; 34=27; 49=MTHREE; 56=MS; 52=2022-07-22-16:53:47; 108=30; 10=0015;
8=FIX4.4; 35=0; 34=27; 49=MS; 56=MTHREE; 52=2022-07-22-16:53:47; 108=30; 10=0015;
8=FIX4.4; 35=0; 34=28; 49=MTHREE; 56=MS; 52=2022-07-22-16:53:49; 108=30; 10=0015;
8=FIX4.4; 35=0; 34=28; 49=MS; 56=MTHREE; 52=2022-07-22-16:53:49; 108=30; 10=0015;
8=FIX4.4; 35=0; 34=29; 49=MTHREE; 56=MS; 52=2022-07-22-16:53:51; 108=30; 10=0015;
8=FIX4.4; 35=0; 34=29; 49=MS; 56=MTHREE; 52=2022-07-22-16:53:51; 108=30; 10=0015;
8=FIX4.4; 35=0; 34=30; 49=MTHREE; 56=MS; 52=2022-07-22-16:53:53; 108=30; 10=0015;
8=FIX4.4; 35=0; 34=30; 49=MS; 56=MTHREE; 52=2022-07-22-16:53:53; 108=30; 10=0015;
8=FIX4.4; 35=0; 34=31; 49=MTHREE; 56=MS; 52=2022-07-22-16:53:55; 108=30; 10=0015;
8=FIX4.4; 35=0; 34=31; 49=MS; 56=MTHREE; 52=2022-07-22-16:53:55; 108=30; 10=0015;
8=FIX4.4; 35=0; 34=32; 49=MTHREE; 56=MS; 52=2022-07-22-16:53:57; 108=30; 10=0015;
8=FIX4.4; 35=0; 34=32; 49=MS; 56=MTHREE; 52=2022-07-22-16:53:57; 108=30; 10=0015;
8=FIX4.4; 35=0; 34=33; 49=MTHREE; 56=MS; 52=2022-07-22-16:53:59; 108=30; 10=0015;
8=FIX4.4; 35=0; 34=33; 49=MS; 56=MTHREE; 52=2022-07-22-16:53:59; 108=30; 10=0015;
8=FIX4.4; 35=0; 34=34; 49=MTHREE; 56=MS; 52=2022-07-22-16:54:02; 108=30; 10=0015;
8=FIX4.4; 35=0; 34=34; 49=MS; 56=MTHREE; 52=2022-07-22-16:54:02; 108=30; 10=0015;
8=FIX4.4; 35=0; 34=35; 49=MTHREE; 56=MS; 52=2022-07-22-16:54:04; 108=30; 10=0015;
8=FIX4.4; 35=0; 34=35; 49=MS; 56=MTHREE; 52=2022-07-22-16:54:04; 108=30; 10=0015;
8=FIX4.4; 35=0; 34=36; 49=MTHREE; 56=MS; 52=2022-07-22-16:54:06; 108=30; 10=0015;
8=FIX4.4; 35=0; 34=36; 49=MS; 56=MTHREE; 52=2022-07-22-16:54:06; 108=30; 10=0015;
8=FIX4.4; 35=0; 34=37; 49=MTHREE; 56=MS; 52=2022-07-22-16:54:08; 108=30; 10=0015;
8=FIX4.4; 35=0; 34=37; 49=MS; 56=MTHREE; 52=2022-07-22-16:54:08; 108=30; 10=0015;
8=FIX4.4; 35=0; 34=38; 49=MTHREE; 56=MS; 52=2022-07-22-16:54:10; 108=30; 10=0015;
8=FIX4.4; 35=0; 34=38; 49=MS; 56=MTHREE; 52=2022-07-22-16:54:10; 108=30; 10=0015;
8=FIX4.4; 35=0; 34=39; 49=MTHREE; 56=MS; 52=2022-07-22-16:54:12; 108=30; 10=0015;
8=FIX4.4; 35=0; 34=39; 49=MS; 56=MTHREE; 52=2022-07-22-16:54:12; 108=30; 10=0015;
8=FIX4.4; 35=0; 34=40; 49=MTHREE; 56=MS; 52=2022-07-22-16:54:14; 108=30; 10=0015;
8=FIX4.4; 35=0; 34=40; 49=MS; 56=MTHREE; 52=2022-07-22-16:54:14; 108=30; 10=0015;
8=FIX4.4; 35=0; 34=41; 49=MTHREE; 56=MS; 52=2022-07-22-16:54:16; 108=30; 10=0015;
8=FIX4.4; 35=0; 34=41; 49=MS; 56=MTHREE; 52=2022-07-22-16:54:16; 108=30; 10=0015;
8=FIX4.4; 35=0; 34=42; 49=MTHREE; 56=MS; 52=2022-07-22-16:54:18; 108=30; 10=0015;
8=FIX4.4; 35=0; 34=42; 49=MS; 56=MTHREE; 52=2022-07-22-16:54:18; 108=30; 10=0015;
8=FIX4.4; 35=0; 34=43; 49=MTHREE; 56=MS; 52=2022-07-22-16:54:20; 108=30; 10=0015;
8=FIX4.4; 35=0; 34=43; 49=MS; 56=MTHREE; 52=2022-07-22-16:54:20; 108=30; 10=0015;
8=FIX4.4; 35=0; 34=44; 49=MTHREE; 56=MS; 52=2022-07-22-16:54:22; 108=30; 10=0015;
8=FIX4.4; 35=0; 34=44; 49=MS; 56=MTHREE; 52=2022-07-22-16:54:22; 108=30; 10=0015;
8=FIX4.4; 35=0; 34=45; 49=MTHREE; 56=MS; 52=2022-07-22-16:54:24; 108=30; 10=0015;
8=FIX4.4; 35=0; 34=45; 49=MS; 56=MTHREE; 52=2022-07-22-16:54:24; 108=30; 10=0015;
8=FIX4.4; 35=0; 34=46; 49=MTHREE; 56=MS; 52=2022-07-22-16:54:26; 108=30; 10=0015;
8=FIX4.4; 35=0; 34=46; 49=MS; 56=MTHREE; 52=2022-07-22-16:54:26; 108=30; 10=0015;
8=FIX4.4; 35=0; 34=47; 49=MTHREE; 56=MS; 52=2022-07-22-16:54:29; 108=30; 10=0015;
8=FIX4.4; 35=0; 34=47; 49=MS; 56=MTHREE; 52=2022-07-22-16:54:29; 108=30; 10=0015;
8=FIX4.4; 35=0; 34=48; 49=MTHREE; 56=MS; 52=2022-07-22-16:54:31; 108=30; 10=0015;
8=FIX4.4; 35=0; 34=48; 49=MS; 56=MTHREE; 52=2022-07-22-16:54:31; 108=30; 10=0015;
8=FIX4.4; 35=0; 34=49; 49=MTHREE; 56=MS; 52=2022-07-22-16:54:33; 108=30; 10=0015;
8=FIX4.4; 35=0; 34=49; 49=MS; 56=MTHREE; 52=2022-07-22-16:54:33; 108=30; 10=0015;
8=FIX4.4; 35=0; 34=50; 49=MTHREE; 56=MS; 52=2022-07-22-16:54:35; 108=30; 10=0015;
8=FIX4.4; 35=0; 34=50; 49=MS; 56=MTHREE; 52=2022-07-22-16:54:35; 108=30; 10=0015;
8=FIX4.4; 35=0; 34=51; 49=MTHREE; 56=MS; 52=2022-07-22-16:54:37; 108=30; 10=0015;
8=FIX4.4; 35=0; 34=51; 49=MS; 56=MTHREE; 52=2022-07-22-16:54:37; 108=30; 10=0015;
8=FIX4.4; 35=D; 34=52; 49=MTHREE; 56=MS; 52=2022-07-22-16:54:39; 55=AAPL; 40=2; 38=19567; 21=2; 11=algo20220722165439; 60=2022-07-22-16:54:39; 54=2; 44=1276.37; 10=0252;
8=FIX4.4; 35=8; 34=52; 49=MS; 56=MTHREE; 52=2022-07-22-16:54:39; 55=AAPL; 40=2; 11=algo20220722165439; 31=1276.37; 150=0; 39=0; 54=2; 44=1276.37; 32=0; 17=exec20220722165439; 38=19567; 60=2022-07-22-16:54:39; 6=0; 14=0; 37=algo20220722165439; 10=200;
8=FIX4.4; 35=F; 34=52; 49=MTHREE; 56=MS; 52=2022-07-22-16:54:40; 41=algo20220722165439; 55=AAPL; 38=19567; 11=C_algo20220722165439; 60=2022-07-22-16:54:40; 10=060;
8=FIX4.4; 35=8; 34=52; 49=MS; 56=MTHREE; 52=2022-07-22-16:54:40; 55=AAPL; 11=C_algo20220722165439; 31=0; 150=6; 39=6; 54=2; 44=1276.37; 17=exec20220722165440; 32=0; 41=algo20220722165439; 38=19567; 60=2022-07-22-16:54:40; 6=0.0; 14=0; 37=algo20220722165439; 10=252;
8=FIX4.4; 35=8; 34=53; 49=MS; 56=MTHREE; 52=2022-07-22-16:54:40; 151=9784; 55=AAPL; 11=C_algo20220722165439; 31=0; 150=4; 39=4; 54=2; 17=exec20220722165440; 32=0; 41=algo20220722165439; 38=19567; 60=2022-07-22-16:54:40; 6=0.0; 14=0; 37=algo20220722165439; 10=252;
8=FIX4.4; 35=D; 34=54; 49=MTHREE; 56=MS; 52=2022-07-22-16:54:42; 55=MSFT; 40=2; 38=28840; 21=2; 11=algo20220722165442; 60=2022-07-22-16:54:42; 54=2; 44=59.89; 10=0252;
8=FIX4.4; 35=8; 34=55; 49=MS; 56=MTHREE; 52=2022-07-22-16:54:42; 55=MSFT; 40=2; 11=algo20220722165442; 31=59.89; 150=0; 39=0; 54=2; 44=59.89; 32=0; 17=exec20220722165442; 38=28840; 60=2022-07-22-16:54:42; 6=0; 14=0; 37=algo20220722165442; 10=200;
8=FIX4.4; 35=8; 34=56; 49=MS; 56=MTHREE; 52=2022-07-22-16:54:44; 55=MSFT; 40=2; 11=algo20220722165442; 31=59.89; 150=2; 39=2; 54=2; 44=59.89; 32=28840; 17=exec20220722165444; 38=28840; 60=2022-07-22-16:54:44; 6=59.89; 14=28840; 37=algo20220722165442; 10=246;
8=FIX4.4; 35=D; 34=55; 49=MTHREE; 56=MS; 52=2022-07-22-16:54:44; 55=AMZN; 40=2; 38=14642; 21=2; 11=algo20220722165444; 60=2022-07-22-16:54:44; 54=2; 44=133.47; 10=0252;
8=FIX4.4; 35=8; 34=57; 49=MS; 56=MTHREE; 52=2022-07-22-16:54:44; 55=AMZN; 40=2; 11=algo20220722165444; 31=133.47; 150=0; 39=0; 54=2; 44=133.47; 32=0; 17=exec20220722165444; 38=14642; 60=2022-07-22-16:54:44; 6=0; 14=0; 37=algo20220722165444; 10=200;
8=FIX4.4; 35=8; 34=58; 49=MS; 56=MTHREE; 52=2022-07-22-16:54:45; 55=AMZN; 40=2; 11=algo20220722165444; 31=133.47; 150=2; 39=2; 54=2; 44=133.47; 32=14642; 17=exec20220722165445; 38=14642; 60=2022-07-22-16:54:45; 6=133.47; 14=14642; 37=algo20220722165444; 10=246;
8=FIX4.4; 35=D; 34=56; 49=MTHREE; 56=MS; 52=2022-07-22-16:54:46; 55=FB; 40=2; 38=29860; 21=2; 11=algo20220722165446; 60=2022-07-22-16:54:46; 54=2; 44=430.62; 10=0252;
8=FIX4.4; 35=8; 34=59; 49=MS; 56=MTHREE; 52=2022-07-22-16:54:46; 55=FB; 40=2; 11=algo20220722165446; 31=430.62; 150=0; 39=0; 54=2; 44=430.62; 32=0; 17=exec20220722165446; 38=29860; 60=2022-07-22-16:54:46; 6=0; 14=0; 37=algo20220722165446; 10=200;
8=FIX4.4; 35=8; 34=60; 49=MS; 56=MTHREE; 52=2022-07-22-16:54:47; 55=FB; 40=2; 11=algo20220722165446; 31=430.62; 150=2; 39=2; 54=2; 44=430.62; 32=29860; 17=exec20220722165447; 38=29860; 60=2022-07-22-16:54:47; 6=430.62; 14=29860; 37=algo20220722165446; 10=246;
8=FIX4.4; 35=D; 34=57; 49=MTHREE; 56=MS; 52=2022-07-22-16:54:48; 55=GOOG; 40=2; 38=14869; 21=2; 11=algo20220722165448; 60=2022-07-22-16:54:48; 54=2; 44=42.05; 10=0252;
8=FIX4.4; 35=8; 34=61; 49=MS; 56=MTHREE; 52=2022-07-22-16:54:48; 55=GOOG; 40=2; 11=algo20220722165448; 31=42.05; 150=0; 39=0; 54=2; 44=42.05; 32=0; 17=exec20220722165448; 38=14869; 60=2022-07-22-16:54:48; 6=0; 14=0; 37=algo20220722165448; 10=200;
8=FIX4.4; 35=8; 34=62; 49=MS; 56=MTHREE; 52=2022-07-22-16:54:49; 55=GOOG; 40=2; 11=algo20220722165448; 31=42.05; 150=2; 39=2; 54=2; 44=42.05; 32=14869; 17=exec20220722165449; 38=14869; 60=2022-07-22-16:54:49; 6=42.05; 14=14869; 37=algo20220722165448; 10=246;
8=FIX4.4; 35=D; 34=58; 49=MTHREE; 56=MS; 52=2022-07-22-16:54:49; 55=GOOGL; 40=2; 38=14982; 21=2; 11=algo20220722165449; 60=2022-07-22-16:54:49; 54=1; 44=289.20; 10=0252;
8=FIX4.4; 35=8; 34=63; 49=MS; 56=MTHREE; 52=2022-07-22-16:54:49; 55=GOOGL; 40=2; 11=algo20220722165449; 31=289.20; 150=0; 39=0; 54=1; 44=289.20; 32=0; 17=exec20220722165449; 38=14982; 60=2022-07-22-16:54:49; 6=0; 14=0; 37=algo20220722165449; 10=200;
8=FIX4.4; 35=F; 34=58; 49=MTHREE; 56=MS; 52=2022-07-22-16:54:49; 41=algo20220722165449; 55=GOOGL; 38=14982; 11=C_algo20220722165449; 60=2022-07-22-16:54:49; 10=060;
8=FIX4.4; 35=8; 34=63; 49=MS; 56=MTHREE; 52=2022-07-22-16:54:50; 55=GOOGL; 11=C_algo20220722165449; 31=0; 150=6; 39=6; 54=1; 44=289.20; 17=exec20220722165450; 32=0; 41=algo20220722165449; 38=14982; 60=2022-07-22-16:54:50; 6=0.0; 14=0; 37=algo20220722165449; 10=252;
8=FIX4.4; 35=8; 34=64; 49=MS; 56=MTHREE; 52=2022-07-22-16:54:50; 151=11237; 55=GOOGL; 11=C_algo20220722165449; 31=0; 150=4; 39=4; 54=1; 17=exec20220722165450; 32=0; 41=algo20220722165449; 38=14982; 60=2022-07-22-16:54:50; 6=0.0; 14=0; 37=algo20220722165449; 10=252;
8=FIX4.4; 35=D; 34=60; 49=MTHREE; 56=MS; 52=2022-07-22-16:54:52; 55=INTC; 40=2; 38=17375; 21=2; 11=algo20220722165452; 60=2022-07-22-16:54:52; 54=2; 44=339.13; 10=0252;
8=FIX4.4; 35=8; 34=66; 49=MS; 56=MTHREE; 52=2022-07-22-16:54:52; 55=INTC; 40=2; 11=algo20220722165452; 31=339.13; 150=0; 39=0; 54=2; 44=339.13; 32=0; 17=exec20220722165452; 38=17375; 60=2022-07-22-16:54:52; 6=0; 14=0; 37=algo20220722165452; 10=200;
8=FIX4.4; 35=F; 34=60; 49=MTHREE; 56=MS; 52=2022-07-22-16:54:52; 41=algo20220722165452; 55=INTC; 38=17375; 11=C_algo20220722165452; 60=2022-07-22-16:54:52; 10=060;
8=FIX4.4; 35=8; 34=66; 49=MS; 56=MTHREE; 52=2022-07-22-16:54:52; 55=INTC; 11=C_algo20220722165452; 31=0; 150=6; 39=6; 54=2; 44=339.13; 17=exec20220722165452; 32=0; 41=algo20220722165452; 38=17375; 60=2022-07-22-16:54:52; 6=0.0; 14=0; 37=algo20220722165452; 10=252;
8=FIX4.4; 35=8; 34=67; 49=MS; 56=MTHREE; 52=2022-07-22-16:54:52; 151=8688; 55=INTC; 11=C_algo20220722165452; 31=0; 150=4; 39=4; 54=2; 17=exec20220722165452; 32=0; 41=algo20220722165452; 38=17375; 60=2022-07-22-16:54:52; 6=0.0; 14=0; 37=algo20220722165452; 10=252;
8=FIX4.4; 35=D; 34=62; 49=MTHREE; 56=MS; 52=2022-07-22-16:54:55; 55=PEP; 40=2; 38=22281; 21=2; 11=algo20220722165455; 60=2022-07-22-16:54:55; 54=1; 44=36.21; 10=0252;
8=FIX4.4; 35=8; 34=69; 49=MS; 56=MTHREE; 52=2022-07-22-16:54:55; 55=PEP; 40=2; 11=algo20220722165455; 31=36.21; 150=0; 39=0; 54=1; 44=36.21; 32=0; 17=exec20220722165455; 38=22281; 60=2022-07-22-16:54:55; 6=0; 14=0; 37=algo20220722165455; 10=200;
8=FIX4.4; 35=8; 34=70; 49=MS; 56=MTHREE; 52=2022-07-22-16:54:55; 55=PEP; 40=2; 11=algo20220722165455; 31=36.21; 150=1; 39=1; 54=1; 44=36.21; 32=5570; 17=exec20220722165455; 38=22281; 60=2022-07-22-16:54:55; 6=36.21; 14=5570; 37=algo20220722165455; 10=240;
8=FIX4.4; 35=8; 34=71; 49=MS; 56=MTHREE; 52=2022-07-22-16:54:57; 55=PEP; 40=2; 11=algo20220722165455; 31=36.21; 150=1; 39=1; 54=1; 44=36.21; 32=5570; 17=exec20220722165457; 38=22281; 60=2022-07-22-16:54:57; 6=36.21; 14=11140; 37=algo20220722165455; 10=240;
8=FIX4.4; 35=8; 34=72; 49=MS; 56=MTHREE; 52=2022-07-22-16:54:58; 55=PEP; 40=2; 11=algo20220722165455; 31=36.21; 150=1; 39=1; 54=1; 44=36.21; 32=5570; 17=exec20220722165458; 38=22281; 60=2022-07-22-16:54:58; 6=36.21; 14=16710; 37=algo20220722165455; 10=240;
8=FIX4.4; 35=8; 34=73; 49=MS; 56=MTHREE; 52=2022-07-22-16:55:00; 55=PEP; 40=2; 11=algo20220722165455; 31=36.21; 150=2; 39=2; 54=1; 44=36.21; 32=5571; 17=exec20220722165500; 38=22281; 60=2022-07-22-16:55:00; 6=36.21; 14=22281; 37=algo20220722165455; 10=246;
8=FIX4.4; 35=D; 34=63; 49=MTHREE; 56=MS; 52=2022-07-22-16:55:00; 55=NFLX; 40=2; 38=17824; 21=2; 11=algo20220722165500; 60=2022-07-22-16:55:00; 54=1; 44=306.71; 10=0252;
8=FIX4.4; 35=8; 34=74; 49=MS; 56=MTHREE; 52=2022-07-22-16:55:00; 55=NFLX; 40=2; 11=algo20220722165500; 31=306.71; 150=0; 39=0; 54=1; 44=306.71; 32=0; 17=exec20220722165500; 38=17824; 60=2022-07-22-16:55:00; 6=0; 14=0; 37=algo20220722165500; 10=200;
8=FIX4.4; 35=8; 34=75; 49=MS; 56=MTHREE; 52=2022-07-22-16:55:01; 55=NFLX; 40=2; 11=algo20220722165500; 31=306.71; 150=2; 39=2; 54=1; 44=306.71; 32=17824; 17=exec20220722165501; 38=17824; 60=2022-07-22-16:55:01; 6=306.71; 14=17824; 37=algo20220722165500; 10=246;
8=FIX4.4; 35=D; 34=64; 49=MTHREE; 56=MS; 52=2022-07-22-16:55:02; 55=CSCO; 40=2; 38=29843; 21=2; 11=algo20220722165502; 60=2022-07-22-16:55:02; 54=2; 44=233.73; 10=0252;
8=FIX4.4; 35=8; 34=76; 49=MS; 56=MTHREE; 52=2022-07-22-16:55:02; 55=CSCO; 40=2; 11=algo20220722165502; 31=233.73; 150=0; 39=0; 54=2; 44=233.73; 32=0; 17=exec20220722165502; 38=29843; 60=2022-07-22-16:55:02; 6=0; 14=0; 37=algo20220722165502; 10=200;
8=FIX4.4; 35=8; 34=77; 49=MS; 56=MTHREE; 52=2022-07-22-16:55:02; 55=CSCO; 40=2; 11=algo20220722165502; 31=233.73; 150=1; 39=1; 54=2; 44=233.73; 32=14921; 17=exec20220722165502; 38=29843; 60=2022-07-22-16:55:02; 6=233.73; 14=14921; 37=algo20220722165502; 10=240;
8=FIX4.4; 35=8; 34=78; 49=MS; 56=MTHREE; 52=2022-07-22-16:55:04; 55=CSCO; 40=2; 11=algo20220722165502; 31=233.73; 150=2; 39=2; 54=2; 44=233.73; 32=14922; 17=exec20220722165504; 38=29843; 60=2022-07-22-16:55:04; 6=233.73; 14=29843; 37=algo20220722165502; 10=246;
8=FIX4.4; 35=D; 34=65; 49=MTHREE; 56=MS; 52=2022-07-22-16:55:04; 55=AMGN; 40=2; 38=17911; 21=2; 11=algo20220722165504; 60=2022-07-22-16:55:04; 54=1; 44=116.62; 10=0252;
8=FIX4.4; 35=8; 34=79; 49=MS; 56=MTHREE; 52=2022-07-22-16:55:04; 55=AMGN; 40=2; 11=algo20220722165504; 31=116.62; 150=0; 39=0; 54=1; 44=116.62; 32=0; 17=exec20220722165504; 38=17911; 60=2022-07-22-16:55:04; 6=0; 14=0; 37=algo20220722165504; 10=200;
8=FIX4.4; 35=8; 34=80; 49=MS; 56=MTHREE; 52=2022-07-22-16:55:05; 55=AMGN; 40=2; 11=algo20220722165504; 31=116.62; 150=2; 39=2; 54=1; 44=116.62; 32=17911; 17=exec20220722165505; 38=17911; 60=2022-07-22-16:55:05; 6=116.62; 14=17911; 37=algo20220722165504; 10=246;
8=FIX4.4; 35=D; 34=66; 49=MTHREE; 56=MS; 52=2022-07-22-16:55:05; 55=PYPL; 40=2; 38=29436; 21=2; 11=algo20220722165505; 60=2022-07-22-16:55:05; 54=2; 44=723.61; 10=0252;
8=FIX4.4; 35=8; 34=81; 49=MS; 56=MTHREE; 52=2022-07-22-16:55:05; 55=PYPL; 40=2; 11=algo20220722165505; 31=723.61; 150=0; 39=0; 54=2; 44=723.61; 32=0; 17=exec20220722165505; 38=29436; 60=2022-07-22-16:55:05; 6=0; 14=0; 37=algo20220722165505; 10=200;
8=FIX4.4; 35=8; 34=82; 49=MS; 56=MTHREE; 52=2022-07-22-16:55:06; 55=PYPL; 40=2; 11=algo20220722165505; 31=723.61; 150=1; 39=1; 54=2; 44=723.61; 32=9812; 17=exec20220722165506; 38=29436; 60=2022-07-22-16:55:06; 6=723.61; 14=9812; 37=algo20220722165505; 10=240;
8=FIX4.4; 35=F; 34=66; 49=MTHREE; 56=MS; 52=2022-07-22-16:55:07; 41=algo20220722165505; 55=PYPL; 38=29436; 11=C_algo20220722165505; 60=2022-07-22-16:55:07; 10=060;
8=FIX4.4; 35=8; 34=82; 49=MS; 56=MTHREE; 52=2022-07-22-16:55:07; 55=PYPL; 11=C_algo20220722165505; 31=0; 150=6; 39=6; 54=2; 44=723.61; 17=exec20220722165507; 32=0; 41=algo20220722165505; 38=29436; 60=2022-07-22-16:55:07; 6=0.0; 14=9812; 37=algo20220722165505; 10=252;
8=FIX4.4; 35=8; 34=83; 49=MS; 56=MTHREE; 52=2022-07-22-16:55:07; 151=9812; 55=PYPL; 11=C_algo20220722165505; 31=0; 150=4; 39=4; 54=2; 17=exec20220722165507; 32=0; 41=algo20220722165505; 38=29436; 60=2022-07-22-16:55:07; 6=0.0; 14=9812; 37=algo20220722165505; 10=252;
8=FIX4.4; 35=D; 34=68; 49=MTHREE; 56=MS; 52=2022-07-22-16:55:09; 55=TSLA; 40=2; 38=28620; 21=2; 11=algo20220722165509; 60=2022-07-22-16:55:09; 54=2; 44=503.77; 10=0252;
8=FIX4.4; 35=8; 34=85; 49=MS; 56=MTHREE; 52=2022-07-22-16:55:09; 55=TSLA; 40=2; 11=algo20220722165509; 31=503.77; 150=0; 39=0; 54=2; 44=503.77; 32=0; 17=exec20220722165509; 38=28620; 60=2022-07-22-16:55:09; 6=0; 14=0; 37=algo20220722165509; 10=200;
8=FIX4.4; 35=8; 34=86; 49=MS; 56=MTHREE; 52=2022-07-22-16:55:09; 55=TSLA; 40=2; 11=algo20220722165509; 31=503.77; 150=1; 39=1; 54=2; 44=503.77; 32=14310; 17=exec20220722165509; 38=28620; 60=2022-07-22-16:55:09; 6=503.77; 14=14310; 37=algo20220722165509; 10=240;
8=FIX4.4; 35=8; 34=87; 49=MS; 56=MTHREE; 52=2022-07-22-16:55:12; 55=TSLA; 40=2; 11=algo20220722165509; 31=503.77; 150=2; 39=2; 54=2; 44=503.77; 32=14310; 17=exec20220722165512; 38=28620; 60=2022-07-22-16:55:12; 6=503.77; 14=28620; 37=algo20220722165509; 10=246;
8=FIX4.4; 35=D; 34=69; 49=MTHREE; 56=MS; 52=2022-07-22-16:55:12; 55=TXN; 40=2; 38=13645; 21=2; 11=algo20220722165512; 60=2022-07-22-16:55:12; 54=2; 44=112.46; 10=0252;
8=FIX4.4; 35=8; 34=88; 49=MS; 56=MTHREE; 52=2022-07-22-16:55:12; 55=TXN; 40=2; 11=algo20220722165512; 31=112.46; 150=0; 39=0; 54=2; 44=112.46; 32=0; 17=exec20220722165512; 38=13645; 60=2022-07-22-16:55:12; 6=0; 14=0; 37=algo20220722165512; 10=200;
8=FIX4.4; 35=8; 34=89; 49=MS; 56=MTHREE; 52=2022-07-22-16:55:13; 55=TXN; 40=2; 11=algo20220722165512; 31=112.46; 150=2; 39=2; 54=2; 44=112.46; 32=13645; 17=exec20220722165513; 38=13645; 60=2022-07-22-16:55:13; 6=112.46; 14=13645; 37=algo20220722165512; 10=246;
8=FIX4.4; 35=D; 34=70; 49=MTHREE; 56=MS; 52=2022-07-22-16:55:13; 55=AVGO; 40=2; 38=7925; 21=2; 11=algo20220722165513; 60=2022-07-22-16:55:13; 54=2; 44=262.99; 10=0252;
8=FIX4.4; 35=8; 34=90; 49=MS; 56=MTHREE; 52=2022-07-22-16:55:13; 55=AVGO; 40=2; 11=algo20220722165513; 31=262.99; 150=0; 39=0; 54=2; 44=262.99; 32=0; 17=exec20220722165513; 38=7925; 60=2022-07-22-16:55:13; 6=0; 14=0; 37=algo20220722165513; 10=200;
8=FIX4.4; 35=8; 34=91; 49=MS; 56=MTHREE; 52=2022-07-22-16:55:13; 55=AVGO; 40=2; 11=algo20220722165513; 31=262.99; 150=1; 39=1; 54=2; 44=262.99; 32=1585; 17=exec20220722165513; 38=7925; 60=2022-07-22-16:55:13; 6=262.99; 14=1585; 37=algo20220722165513; 10=240;
8=FIX4.4; 35=8; 34=92; 49=MS; 56=MTHREE; 52=2022-07-22-16:55:15; 55=AVGO; 40=2; 11=algo20220722165513; 31=262.99; 150=1; 39=1; 54=2; 44=262.99; 32=1585; 17=exec20220722165514; 38=7925; 60=2022-07-22-16:55:15; 6=262.99; 14=3170; 37=algo20220722165513; 10=240;
8=FIX4.4; 35=8; 34=93; 49=MS; 56=MTHREE; 52=2022-07-22-16:55:16; 55=AVGO; 40=2; 11=algo20220722165513; 31=262.99; 150=1; 39=1; 54=2; 44=262.99; 32=1585; 17=exec20220722165516; 38=7925; 60=2022-07-22-16:55:16; 6=262.99; 14=4755; 37=algo20220722165513; 10=240;
8=FIX4.4; 35=F; 34=70; 49=MTHREE; 56=MS; 52=2022-07-22-16:55:17; 41=algo20220722165513; 55=AVGO; 38=7925; 11=C_algo20220722165513; 60=2022-07-22-16:55:17; 10=060;
8=FIX4.4; 35=8; 34=93; 49=MS; 56=MTHREE; 52=2022-07-22-16:55:17; 55=AVGO; 11=C_algo20220722165513; 31=0; 150=6; 39=6; 54=2; 44=262.99; 17=exec20220722165517; 32=0; 41=algo20220722165513; 38=7925; 60=2022-07-22-16:55:17; 6=0.0; 14=4755; 37=algo20220722165513; 10=252;
8=FIX4.4; 35=8; 34=94; 49=MS; 56=MTHREE; 52=2022-07-22-16:55:17; 151=1585; 55=AVGO; 11=C_algo20220722165513; 31=0; 150=4; 39=4; 54=2; 17=exec20220722165517; 32=0; 41=algo20220722165513; 38=7925; 60=2022-07-22-16:55:17; 6=0.0; 14=4755; 37=algo20220722165513; 10=252;
8=FIX4.4; 35=D; 34=72; 49=MTHREE; 56=MS; 52=2022-07-22-16:55:19; 55=GILD; 40=2; 38=23604; 21=2; 11=algo20220722165519; 60=2022-07-22-16:55:19; 54=2; 44=82.91; 10=0252;
8=FIX4.4; 35=8; 34=96; 49=MS; 56=MTHREE; 52=2022-07-22-16:55:19; 55=GILD; 40=2; 11=algo20220722165519; 31=82.91; 150=0; 39=0; 54=2; 44=82.91; 32=0; 17=exec20220722165519; 38=23604; 60=2022-07-22-16:55:19; 6=0; 14=0; 37=algo20220722165519; 10=200;
8=FIX4.4; 35=F; 34=72; 49=MTHREE; 56=MS; 52=2022-07-22-16:55:19; 41=algo20220722165519; 55=GILD; 38=23604; 11=C_algo20220722165519; 60=2022-07-22-16:55:19; 10=060;
8=FIX4.4; 35=8; 34=96; 49=MS; 56=MTHREE; 52=2022-07-22-16:55:20; 55=GILD; 11=C_algo20220722165519; 31=0; 150=6; 39=6; 54=2; 44=82.91; 17=exec20220722165519; 32=0; 41=algo20220722165519; 38=23604; 60=2022-07-22-16:55:20; 6=0.0; 14=0; 37=algo20220722165519; 10=252;
8=FIX4.4; 35=8; 34=97; 49=MS; 56=MTHREE; 52=2022-07-22-16:55:20; 151=17703; 55=GILD; 11=C_algo20220722165519; 31=0; 150=4; 39=4; 54=2; 17=exec20220722165520; 32=0; 41=algo20220722165519; 38=23604; 60=2022-07-22-16:55:20; 6=0.0; 14=0; 37=algo20220722165519; 10=252;
8=FIX4.4; 35=D; 34=74; 49=MTHREE; 56=MS; 52=2022-07-22-16:55:22; 55=SBUX; 40=2; 38=8533; 21=2; 11=algo20220722165522; 60=2022-07-22-16:55:22; 54=1; 44=75.71; 10=0252;
8=FIX4.4; 35=8; 34=99; 49=MS; 56=MTHREE; 52=2022-07-22-16:55:22; 55=SBUX; 40=2; 11=algo20220722165522; 31=75.71; 150=0; 39=0; 54=1; 44=75.71; 32=0; 17=exec20220722165522; 38=8533; 60=2022-07-22-16:55:22; 6=0; 14=0; 37=algo20220722165522; 10=200;
8=FIX4.4; 35=8; 34=100; 49=MS; 56=MTHREE; 52=2022-07-22-16:55:22; 55=SBUX; 40=2; 11=algo20220722165522; 31=75.71; 150=1; 39=1; 54=1; 44=75.71; 32=2133; 17=exec20220722165522; 38=8533; 60=2022-07-22-16:55:22; 6=75.71; 14=2133; 37=algo20220722165522; 10=240;
8=FIX4.4; 35=8; 34=101; 49=MS; 56=MTHREE; 52=2022-07-22-16:55:23; 55=SBUX; 40=2; 11=algo20220722165522; 31=75.71; 150=1; 39=1; 54=1; 44=75.71; 32=2133; 17=exec20220722165523; 38=8533; 60=2022-07-22-16:55:23; 6=75.71; 14=4266; 37=algo20220722165522; 10=240;
8=FIX4.4; 35=8; 34=102; 49=MS; 56=MTHREE; 52=2022-07-22-16:55:24; 55=SBUX; 40=2; 11=algo20220722165522; 31=75.71; 150=1; 39=1; 54=1; 44=75.71; 32=2133; 17=exec20220722165524; 38=8533; 60=2022-07-22-16:55:24; 6=75.71; 14=6399; 37=algo20220722165522; 10=240;
8=FIX4.4; 35=8; 34=103; 49=MS; 56=MTHREE; 52=2022-07-22-16:55:27; 55=SBUX; 40=2; 11=algo20220722165522; 31=75.71; 150=2; 39=2; 54=1; 44=75.71; 32=2134; 17=exec20220722165527; 38=8533; 60=2022-07-22-16:55:27; 6=75.71; 14=8533; 37=algo20220722165522; 10=246;
8=FIX4.4; 35=D; 34=75; 49=MTHREE; 56=MS; 52=2022-07-22-16:55:27; 55=QCOM; 40=2; 38=29649; 21=2; 11=algo20220722165527; 60=2022-07-22-16:55:27; 54=1; 44=75.47; 10=0252;
8=FIX4.4; 35=8; 34=104; 49=MS; 56=MTHREE; 52=2022-07-22-16:55:27; 55=QCOM; 40=2; 11=algo20220722165527; 31=75.47; 150=0; 39=0; 54=1; 44=75.47; 32=0; 17=exec20220722165527; 38=29649; 60=2022-07-22-16:55:27; 6=0; 14=0; 37=algo20220722165527; 10=200;
8=FIX4.4; 35=8; 34=105; 49=MS; 56=MTHREE; 52=2022-07-22-16:55:27; 55=QCOM; 40=2; 11=algo20220722165527; 31=75.47; 150=1; 39=1; 54=1; 44=75.47; 32=5929; 17=exec20220722165527; 38=29649; 60=2022-07-22-16:55:27; 6=75.47; 14=5929; 37=algo20220722165527; 10=240;
8=FIX4.4; 35=F; 34=75; 49=MTHREE; 56=MS; 52=2022-07-22-16:55:29; 41=algo20220722165527; 55=QCOM; 38=29649; 11=C_algo20220722165527; 60=2022-07-22-16:55:29; 10=060;
8=FIX4.4; 35=8; 34=105; 49=MS; 56=MTHREE; 52=2022-07-22-16:55:29; 55=QCOM; 11=C_algo20220722165527; 31=0; 150=6; 39=6; 54=1; 44=75.47; 17=exec20220722165529; 32=0; 41=algo20220722165527; 38=29649; 60=2022-07-22-16:55:29; 6=0.0; 14=5929; 37=algo20220722165527; 10=252;
8=FIX4.4; 35=8; 34=106; 49=MS; 56=MTHREE; 52=2022-07-22-16:55:29; 151=17791; 55=QCOM; 11=C_algo20220722165527; 31=0; 150=4; 39=4; 54=1; 17=exec20220722165529; 32=0; 41=algo20220722165527; 38=29649; 60=2022-07-22-16:55:29; 6=0.0; 14=5929; 37=algo20220722165527; 10=252;
8=FIX4.4; 35=D; 34=77; 49=MTHREE; 56=MS; 52=2022-07-22-16:55:31; 55=TMUS; 40=2; 38=2598; 21=2; 11=algo20220722165531; 60=2022-07-22-16:55:31; 54=2; 44=90.74; 10=0252;
8=FIX4.4; 35=8; 34=108; 49=MS; 56=MTHREE; 52=2022-07-22-16:55:31; 55=TMUS; 40=2; 11=algo20220722165531; 31=90.74; 150=0; 39=0; 54=2; 44=90.74; 32=0; 17=exec20220722165532; 38=2598; 60=2022-07-22-16:55:31; 6=0; 14=0; 37=algo20220722165531; 10=200;
8=FIX4.4; 35=8; 34=109; 49=MS; 56=MTHREE; 52=2022-07-22-16:55:33; 55=TMUS; 40=2; 11=algo20220722165531; 31=90.74; 150=2; 39=2; 54=2; 44=90.74; 32=2598; 17=exec20220722165533; 38=2598; 60=2022-07-22-16:55:33; 6=90.74; 14=2598; 37=algo20220722165531; 10=246;
8=FIX4.4; 35=D; 34=78; 49=MTHREE; 56=MS; 52=2022-07-22-16:55:33; 55=MDLZ; 40=2; 38=23554; 21=2; 11=algo20220722165533; 60=2022-07-22-16:55:33; 54=2; 44=52.26; 10=0252;
8=FIX4.4; 35=8; 34=110; 49=MS; 56=MTHREE; 52=2022-07-22-16:55:33; 55=MDLZ; 40=2; 11=algo20220722165533; 31=52.26; 150=0; 39=0; 54=2; 44=52.26; 32=0; 17=exec20220722165534; 38=23554; 60=2022-07-22-16:55:33; 6=0; 14=0; 37=algo20220722165533; 10=200;
8=FIX4.4; 35=8; 34=111; 49=MS; 56=MTHREE; 52=2022-07-22-16:55:34; 55=MDLZ; 40=2; 11=algo20220722165533; 31=52.26; 150=1; 39=1; 54=2; 44=52.26; 32=4710; 17=exec20220722165534; 38=23554; 60=2022-07-22-16:55:34; 6=52.26; 14=4710; 37=algo20220722165533; 10=240;
8=FIX4.4; 35=F; 34=78; 49=MTHREE; 56=MS; 52=2022-07-22-16:55:35; 41=algo20220722165533; 55=MDLZ; 38=23554; 11=C_algo20220722165533; 60=2022-07-22-16:55:35; 10=060;
8=FIX4.4; 35=8; 34=111; 49=MS; 56=MTHREE; 52=2022-07-22-16:55:35; 55=MDLZ; 11=C_algo20220722165533; 31=0; 150=6; 39=6; 54=2; 44=52.26; 17=exec20220722165535; 32=0; 41=algo20220722165533; 38=23554; 60=2022-07-22-16:55:35; 6=0.0; 14=4710; 37=algo20220722165533; 10=252;
8=FIX4.4; 35=8; 34=112; 49=MS; 56=MTHREE; 52=2022-07-22-16:55:35; 151=14134; 55=MDLZ; 11=C_algo20220722165533; 31=0; 150=4; 39=4; 54=2; 17=exec20220722165535; 32=0; 41=algo20220722165533; 38=23554; 60=2022-07-22-16:55:35; 6=0.0; 14=4710; 37=algo20220722165533; 10=252;
8=FIX4.4; 35=D; 34=80; 49=MTHREE; 56=MS; 52=2022-07-22-16:55:37; 55=BAC; 40=2; 38=9772; 21=2; 11=algo20220722165537; 60=2022-07-22-16:55:37; 54=2; 44=22.03; 10=0252;
8=FIX4.4; 35=8; 34=114; 49=MS; 56=MTHREE; 52=2022-07-22-16:55:37; 55=BAC; 40=2; 11=algo20220722165537; 31=22.03; 150=0; 39=0; 54=2; 44=22.03; 32=0; 17=exec20220722165538; 38=9772; 60=2022-07-22-16:55:37; 6=0; 14=0; 37=algo20220722165537; 10=200;
8=FIX4.4; 35=8; 34=115; 49=MS; 56=MTHREE; 52=2022-07-22-16:55:38; 55=BAC; 40=2; 11=algo20220722165537; 31=22.03; 150=1; 39=1; 54=2; 44=22.03; 32=2443; 17=exec20220722165538; 38=9772; 60=2022-07-22-16:55:38; 6=22.03; 14=2443; 37=algo20220722165537; 10=240;
8=FIX4.4; 35=F; 34=80; 49=MTHREE; 56=MS; 52=2022-07-22-16:55:39; 41=algo20220722165537; 55=BAC; 38=9772; 11=C_algo20220722165537; 60=2022-07-22-16:55:39; 10=060;
8=FIX4.4; 35=8; 34=115; 49=MS; 56=MTHREE; 52=2022-07-22-16:55:39; 55=BAC; 11=C_algo20220722165537; 31=0; 150=6; 39=6; 54=2; 44=22.03; 17=exec20220722165539; 32=0; 41=algo20220722165537; 38=9772; 60=2022-07-22-16:55:39; 6=0.0; 14=2443; 37=algo20220722165537; 10=252;
8=FIX4.4; 35=8; 34=116; 49=MS; 56=MTHREE; 52=2022-07-22-16:55:39; 151=4886; 55=BAC; 11=C_algo20220722165537; 31=0; 150=4; 39=4; 54=2; 17=exec20220722165539; 32=0; 41=algo20220722165537; 38=9772; 60=2022-07-22-16:55:39; 6=0.0; 14=2443; 37=algo20220722165537; 10=252;
8=FIX4.4; 35=D; 34=82; 49=MTHREE; 56=MS; 52=2022-07-22-16:55:41; 55=DDD; 40=2; 38=20196; 21=2; 11=algo20220722165541; 60=2022-07-22-16:55:41; 54=2; 44=8.01; 10=0252;
8=FIX4.4; 35=8; 34=118; 49=MS; 56=MTHREE; 52=2022-07-22-16:55:41; 55=DDD; 40=2; 11=algo20220722165541; 31=8.01; 150=0; 39=0; 54=2; 44=8.01; 32=0; 17=exec20220722165541; 38=20196; 60=2022-07-22-16:55:41; 6=0; 14=0; 37=algo20220722165541; 10=200;
8=FIX4.4; 35=F; 34=82; 49=MTHREE; 56=MS; 52=2022-07-22-16:55:41; 41=algo20220722165541; 55=DDD; 38=20196; 11=C_algo20220722165541; 60=2022-07-22-16:55:41; 10=060;
8=FIX4.4; 35=8; 34=118; 49=MS; 56=MTHREE; 52=2022-07-22-16:55:41; 55=DDD; 11=C_algo20220722165541; 31=0; 150=6; 39=6; 54=2; 44=8.01; 17=exec20220722165541; 32=0; 41=algo20220722165541; 38=20196; 60=2022-07-22-16:55:41; 6=0.0; 14=0; 37=algo20220722165541; 10=252;
8=FIX4.4; 35=8; 34=119; 49=MS; 56=MTHREE; 52=2022-07-22-16:55:41; 151=10098; 55=DDD; 11=C_algo20220722165541; 31=0; 150=4; 39=4; 54=2; 17=exec20220722165541; 32=0; 41=algo20220722165541; 38=20196; 60=2022-07-22-16:55:41; 6=0.0; 14=0; 37=algo20220722165541; 10=252;
8=FIX4.4; 35=D; 34=84; 49=MTHREE; 56=MS; 52=2022-07-22-16:55:44; 55=MMM; 40=2; 38=26748; 21=2; 11=algo20220722165544; 60=2022-07-22-16:55:44; 54=1; 44=146.98; 10=0252;
8=FIX4.4; 35=8; 34=121; 49=MS; 56=MTHREE; 52=2022-07-22-16:55:44; 55=MMM; 40=2; 11=algo20220722165544; 31=146.98; 150=0; 39=0; 54=1; 44=146.98; 32=0; 17=exec20220722165544; 38=26748; 60=2022-07-22-16:55:44; 6=0; 14=0; 37=algo20220722165544; 10=200;
8=FIX4.4; 35=8; 34=122; 49=MS; 56=MTHREE; 52=2022-07-22-16:55:44; 55=MMM; 40=2; 11=algo20220722165544; 31=146.98; 150=1; 39=1; 54=1; 44=146.98; 32=5349; 17=exec20220722165544; 38=26748; 60=2022-07-22-16:55:44; 6=146.98; 14=5349; 37=algo20220722165544; 10=240;
8=FIX4.4; 35=8; 34=123; 49=MS; 56=MTHREE; 52=2022-07-22-16:55:45; 55=MMM; 40=2; 11=algo20220722165544; 31=146.98; 150=1; 39=1; 54=1; 44=146.98; 32=5349; 17=exec20220722165545; 38=26748; 60=2022-07-22-16:55:45; 6=146.98; 14=10698; 37=algo20220722165544; 10=240;
8=FIX4.4; 35=8; 34=124; 49=MS; 56=MTHREE; 52=2022-07-22-16:55:46; 55=MMM; 40=2; 11=algo20220722165544; 31=146.98; 150=1; 39=1; 54=1; 44=146.98; 32=5349; 17=exec20220722165546; 38=26748; 60=2022-07-22-16:55:46; 6=146.98; 14=16047; 37=algo20220722165544; 10=240;
8=FIX4.4; 35=8; 34=125; 49=MS; 56=MTHREE; 52=2022-07-22-16:55:47; 55=MMM; 40=2; 11=algo20220722165544; 31=146.98; 150=1; 39=1; 54=1; 44=146.98; 32=5349; 17=exec20220722165547; 38=26748; 60=2022-07-22-16:55:47; 6=146.98; 14=21396; 37=algo20220722165544; 10=240;
8=FIX4.4; 35=8; 34=126; 49=MS; 56=MTHREE; 52=2022-07-22-16:55:49; 55=MMM; 40=2; 11=algo20220722165544; 31=146.98; 150=2; 39=2; 54=1; 44=146.98; 32=5352; 17=exec20220722165549; 38=26748; 60=2022-07-22-16:55:49; 6=146.98; 14=26748; 37=algo20220722165544; 10=246;
8=FIX4.4; 35=D; 34=85; 49=MTHREE; 56=MS; 52=2022-07-22-16:55:49; 55=WBAI; 40=2; 38=24207; 21=2; 11=algo20220722165550; 60=2022-07-22-16:55:49; 54=1; 44=4.10; 10=0252;
8=FIX4.4; 35=8; 34=127; 49=MS; 56=MTHREE; 52=2022-07-22-16:55:49; 55=WBAI; 40=2; 11=algo20220722165550; 31=4.10; 150=0; 39=0; 54=1; 44=4.10; 32=0; 17=exec20220722165550; 38=24207; 60=2022-07-22-16:55:49; 6=0; 14=0; 37=algo20220722165550; 10=200;
8=FIX4.4; 35=8; 34=128; 49=MS; 56=MTHREE; 52=2022-07-22-16:55:50; 55=WBAI; 40=2; 11=algo20220722165550; 31=4.10; 150=1; 39=1; 54=1; 44=4.10; 32=12103; 17=exec20220722165550; 38=24207; 60=2022-07-22-16:55:50; 6=4.10; 14=12103; 37=algo20220722165550; 10=240;
8=FIX4.4; 35=8; 34=129; 49=MS; 56=MTHREE; 52=2022-07-22-16:55:52; 55=WBAI; 40=2; 11=algo20220722165550; 31=4.10; 150=2; 39=2; 54=1; 44=4.10; 32=12104; 17=exec20220722165552; 38=24207; 60=2022-07-22-16:55:52; 6=4.10; 14=24207; 37=algo20220722165550; 10=246;
8=FIX4.4; 35=D; 34=86; 49=MTHREE; 56=MS; 52=2022-07-22-16:55:52; 55=WUBA; 40=2; 38=6949; 21=2; 11=algo20220722165552; 60=2022-07-22-16:55:52; 54=1; 44=51.41; 10=0252;
8=FIX4.4; 35=8; 34=130; 49=MS; 56=MTHREE; 52=2022-07-22-16:55:52; 55=WUBA; 40=2; 11=algo20220722165552; 31=51.41; 150=0; 39=0; 54=1; 44=51.41; 32=0; 17=exec20220722165552; 38=6949; 60=2022-07-22-16:55:52; 6=0; 14=0; 37=algo20220722165552; 10=200;
8=FIX4.4; 35=F; 34=86; 49=MTHREE; 56=MS; 52=2022-07-22-16:55:52; 41=algo20220722165552; 55=WUBA; 38=6949; 11=C_algo20220722165552; 60=2022-07-22-16:55:52; 10=060;
8=FIX4.4; 35=8; 34=130; 49=MS; 56=MTHREE; 52=2022-07-22-16:55:52; 55=WUBA; 11=C_algo20220722165552; 31=0; 150=6; 39=6; 54=1; 44=51.41; 17=exec20220722165552; 32=0; 41=algo20220722165552; 38=6949; 60=2022-07-22-16:55:52; 6=0.0; 14=0; 37=algo20220722165552; 10=252;
8=FIX4.4; 35=8; 34=131; 49=MS; 56=MTHREE; 52=2022-07-22-16:55:52; 151=5212; 55=WUBA; 11=C_algo20220722165552; 31=0; 150=4; 39=4; 54=1; 17=exec20220722165552; 32=0; 41=algo20220722165552; 38=6949; 60=2022-07-22-16:55:52; 6=0.0; 14=0; 37=algo20220722165552; 10=252;
8=FIX4.4; 35=D; 34=88; 49=MTHREE; 56=MS; 52=2022-07-22-16:55:55; 55=EGHT; 40=2; 38=2016; 21=2; 11=algo20220722165555; 60=2022-07-22-16:55:55; 54=2; 44=17.03; 10=0252;
8=FIX4.4; 35=8; 34=133; 49=MS; 56=MTHREE; 52=2022-07-22-16:55:55; 55=EGHT; 40=2; 11=algo20220722165555; 31=17.03; 150=0; 39=0; 54=2; 44=17.03; 32=0; 17=exec20220722165555; 38=2016; 60=2022-07-22-16:55:55; 6=0; 14=0; 37=algo20220722165555; 10=200;
8=FIX4.4; 35=8; 34=134; 49=MS; 56=MTHREE; 52=2022-07-22-16:55:55; 55=EGHT; 40=2; 11=algo20220722165555; 31=17.03; 150=1; 39=1; 54=2; 44=17.03; 32=672; 17=exec20220722165555; 38=2016; 60=2022-07-22-16:55:55; 6=17.03; 14=672; 37=algo20220722165555; 10=240;
8=FIX4.4; 35=F; 34=88; 49=MTHREE; 56=MS; 52=2022-07-22-16:55:56; 41=algo20220722165555; 55=EGHT; 38=2016; 11=C_algo20220722165555; 60=2022-07-22-16:55:56; 10=060;
8=FIX4.4; 35=8; 34=134; 49=MS; 56=MTHREE; 52=2022-07-22-16:55:56; 55=EGHT; 11=C_algo20220722165555; 31=0; 150=6; 39=6; 54=2; 44=17.03; 17=exec20220722165556; 32=0; 41=algo20220722165555; 38=2016; 60=2022-07-22-16:55:56; 6=0.0; 14=672; 37=algo20220722165555; 10=252;
8=FIX4.4; 35=8; 34=135; 49=MS; 56=MTHREE; 52=2022-07-22-16:55:56; 151=672; 55=EGHT; 11=C_algo20220722165555; 31=0; 150=4; 39=4; 54=2; 17=exec20220722165556; 32=0; 41=algo20220722165555; 38=2016; 60=2022-07-22-16:55:56; 6=0.0; 14=672; 37=algo20220722165555; 10=252;
8=FIX4.4; 35=D; 34=90; 49=MTHREE; 56=MS; 52=2022-07-22-16:55:59; 55=AHC; 40=2; 38=15584; 21=2; 11=algo20220722165559; 60=2022-07-22-16:55:59; 54=1; 44=1.40; 10=0252;
8=FIX4.4; 35=8; 34=137; 49=MS; 56=MTHREE; 52=2022-07-22-16:55:59; 55=AHC; 40=2; 11=algo20220722165559; 31=1.40; 150=0; 39=0; 54=1; 44=1.40; 32=0; 17=exec20220722165559; 38=15584; 60=2022-07-22-16:55:59; 6=0; 14=0; 37=algo20220722165559; 10=200;
8=FIX4.4; 35=8; 34=138; 49=MS; 56=MTHREE; 52=2022-07-22-16:56:00; 55=AHC; 40=2; 11=algo20220722165559; 31=1.40; 150=2; 39=2; 54=1; 44=1.40; 32=15584; 17=exec20220722165600; 38=15584; 60=2022-07-22-16:56:00; 6=1.40; 14=15584; 37=algo20220722165559; 10=246;
8=FIX4.4; 35=D; 34=91; 49=MTHREE; 56=MS; 52=2022-07-22-16:56:00; 55=AOS; 40=2; 38=2815; 21=2; 11=algo20220722165601; 60=2022-07-22-16:56:00; 54=2; 44=40.38; 10=0252;
8=FIX4.4; 35=8; 34=139; 49=MS; 56=MTHREE; 52=2022-07-22-16:56:00; 55=AOS; 40=2; 11=algo20220722165601; 31=40.38; 150=0; 39=0; 54=2; 44=40.38; 32=0; 17=exec20220722165601; 38=2815; 60=2022-07-22-16:56:00; 6=0; 14=0; 37=algo20220722165601; 10=200;
8=FIX4.4; 35=8; 34=140; 49=MS; 56=MTHREE; 52=2022-07-22-16:56:01; 55=AOS; 40=2; 11=algo20220722165601; 31=40.38; 150=1; 39=1; 54=2; 44=40.38; 32=563; 17=exec20220722165601; 38=2815; 60=2022-07-22-16:56:01; 6=40.38; 14=563; 37=algo20220722165601; 10=240;
8=FIX4.4; 35=F; 34=91; 49=MTHREE; 56=MS; 52=2022-07-22-16:56:02; 41=algo20220722165601; 55=AOS; 38=2815; 11=C_algo20220722165601; 60=2022-07-22-16:56:02; 10=060;
8=FIX4.4; 35=8; 34=140; 49=MS; 56=MTHREE; 52=2022-07-22-16:56:02; 55=AOS; 11=C_algo20220722165601; 31=0; 150=6; 39=6; 54=2; 44=40.38; 17=exec20220722165602; 32=0; 41=algo20220722165601; 38=2815; 60=2022-07-22-16:56:02; 6=0.0; 14=563; 37=algo20220722165601; 10=252;
8=FIX4.4; 35=8; 34=141; 49=MS; 56=MTHREE; 52=2022-07-22-16:56:02; 151=1689; 55=AOS; 11=C_algo20220722165601; 31=0; 150=4; 39=4; 54=2; 17=exec20220722165602; 32=0; 41=algo20220722165601; 38=2815; 60=2022-07-22-16:56:02; 6=0.0; 14=563; 37=algo20220722165601; 10=252;
8=FIX4.4; 35=D; 34=93; 49=MTHREE; 56=MS; 52=2022-07-22-16:56:04; 55=ATEN; 40=2; 38=14267; 21=2; 11=algo20220722165604; 60=2022-07-22-16:56:04; 54=1; 44=6.45; 10=0252;
8=FIX4.4; 35=8; 34=143; 49=MS; 56=MTHREE; 52=2022-07-22-16:56:04; 55=ATEN; 40=2; 11=algo20220722165604; 31=6.45; 150=0; 39=0; 54=1; 44=6.45; 32=0; 17=exec20220722165605; 38=14267; 60=2022-07-22-16:56:04; 6=0; 14=0; 37=algo20220722165604; 10=200;
8=FIX4.4; 35=F; 34=93; 49=MTHREE; 56=MS; 52=2022-07-22-16:56:05; 41=algo20220722165604; 55=ATEN; 38=14267; 11=C_algo20220722165604; 60=2022-07-22-16:56:05; 10=060;
8=FIX4.4; 35=8; 34=143; 49=MS; 56=MTHREE; 52=2022-07-22-16:56:05; 55=ATEN; 11=C_algo20220722165604; 31=0; 150=6; 39=6; 54=1; 44=6.45; 17=exec20220722165605; 32=0; 41=algo20220722165604; 38=14267; 60=2022-07-22-16:56:05; 6=0.0; 14=0; 37=algo20220722165604; 10=252;
8=FIX4.4; 35=8; 34=144; 49=MS; 56=MTHREE; 52=2022-07-22-16:56:05; 151=11414; 55=ATEN; 11=C_algo20220722165604; 31=0; 150=4; 39=4; 54=1; 17=exec20220722165605; 32=0; 41=algo20220722165604; 38=14267; 60=2022-07-22-16:56:05; 6=0.0; 14=0; 37=algo20220722165604; 10=252;
8=FIX4.4; 35=D; 34=95; 49=MTHREE; 56=MS; 52=2022-07-22-16:56:07; 55=AIR; 40=2; 38=16759; 21=2; 11=algo20220722165607; 60=2022-07-22-16:56:07; 54=1; 44=16.31; 10=0252;
8=FIX4.4; 35=8; 34=146; 49=MS; 56=MTHREE; 52=2022-07-22-16:56:07; 55=AIR; 40=2; 11=algo20220722165607; 31=16.31; 150=0; 39=0; 54=1; 44=16.31; 32=0; 17=exec20220722165607; 38=16759; 60=2022-07-22-16:56:07; 6=0; 14=0; 37=algo20220722165607; 10=200;
8=FIX4.4; 35=8; 34=147; 49=MS; 56=MTHREE; 52=2022-07-22-16:56:07; 55=AIR; 40=2; 11=algo20220722165607; 31=16.31; 150=1; 39=1; 54=1; 44=16.31; 32=4189; 17=exec20220722165607; 38=16759; 60=2022-07-22-16:56:07; 6=16.31; 14=4189; 37=algo20220722165607; 10=240;
8=FIX4.4; 35=8; 34=148; 49=MS; 56=MTHREE; 52=2022-07-22-16:56:09; 55=AIR; 40=2; 11=algo20220722165607; 31=16.31; 150=1; 39=1; 54=1; 44=16.31; 32=4189; 17=exec20220722165609; 38=16759; 60=2022-07-22-16:56:09; 6=16.31; 14=8378; 37=algo20220722165607; 10=240;
8=FIX4.4; 35=8; 34=149; 49=MS; 56=MTHREE; 52=2022-07-22-16:56:10; 55=AIR; 40=2; 11=algo20220722165607; 31=16.31; 150=1; 39=1; 54=1; 44=16.31; 32=4189; 17=exec20220722165610; 38=16759; 60=2022-07-22-16:56:10; 6=16.31; 14=12567; 37=algo20220722165607; 10=240;
8=FIX4.4; 35=8; 34=150; 49=MS; 56=MTHREE; 52=2022-07-22-16:56:12; 55=AIR; 40=2; 11=algo20220722165607; 31=16.31; 150=2; 39=2; 54=1; 44=16.31; 32=4192; 17=exec20220722165612; 38=16759; 60=2022-07-22-16:56:12; 6=16.31; 14=16759; 37=algo20220722165607; 10=246;
8=FIX4.4; 35=D; 34=96; 49=MTHREE; 56=MS; 52=2022-07-22-16:56:12; 55=AAN; 40=2; 38=29094; 21=2; 11=algo20220722165612; 60=2022-07-22-16:56:12; 54=2; 44=25.68; 10=0252;
8=FIX4.4; 35=8; 34=151; 49=MS; 56=MTHREE; 52=2022-07-22-16:56:12; 55=AAN; 40=2; 11=algo20220722165612; 31=25.68; 150=0; 39=0; 54=2; 44=25.68; 32=0; 17=exec20220722165612; 38=29094; 60=2022-07-22-16:56:12; 6=0; 14=0; 37=algo20220722165612; 10=200;
8=FIX4.4; 35=8; 34=152; 49=MS; 56=MTHREE; 52=2022-07-22-16:56:14; 55=AAN; 40=2; 11=algo20220722165612; 31=25.68; 150=2; 39=2; 54=2; 44=25.68; 32=29094; 17=exec20220722165614; 38=29094; 60=2022-07-22-16:56:14; 6=25.68; 14=29094; 37=algo20220722165612; 10=246;
8=FIX4.4; 35=D; 34=97; 49=MTHREE; 56=MS; 52=2022-07-22-16:56:14; 55=ABB; 40=2; 38=16087; 21=2; 11=algo20220722165614; 60=2022-07-22-16:56:14; 54=1; 44=17.42; 10=0252;
8=FIX4.4; 35=8; 34=153; 49=MS; 56=MTHREE; 52=2022-07-22-16:56:14; 55=ABB; 40=2; 11=algo20220722165614; 31=17.42; 150=0; 39=0; 54=1; 44=17.42; 32=0; 17=exec20220722165614; 38=16087; 60=2022-07-22-16:56:14; 6=0; 14=0; 37=algo20220722165614; 10=200;
8=FIX4.4; 35=8; 34=154; 49=MS; 56=MTHREE; 52=2022-07-22-16:56:14; 55=ABB; 40=2; 11=algo20220722165614; 31=17.42; 150=1; 39=1; 54=1; 44=17.42; 32=3217; 17=exec20220722165614; 38=16087; 60=2022-07-22-16:56:14; 6=17.42; 14=3217; 37=algo20220722165614; 10=240;
8=FIX4.4; 35=8; 34=155; 49=MS; 56=MTHREE; 52=2022-07-22-16:56:15; 55=ABB; 40=2; 11=algo20220722165614; 31=17.42; 150=1; 39=1; 54=1; 44=17.42; 32=3217; 17=exec20220722165615; 38=16087; 60=2022-07-22-16:56:15; 6=17.42; 14=6434; 37=algo20220722165614; 10=240;
8=FIX4.4; 35=8; 34=156; 49=MS; 56=MTHREE; 52=2022-07-22-16:56:16; 55=ABB; 40=2; 11=algo20220722165614; 31=17.42; 150=1; 39=1; 54=1; 44=17.42; 32=3217; 17=exec20220722165616; 38=16087; 60=2022-07-22-16:56:16; 6=17.42; 14=9651; 37=algo20220722165614; 10=240;
8=FIX4.4; 35=F; 34=97; 49=MTHREE; 56=MS; 52=2022-07-22-16:56:18; 41=algo20220722165614; 55=ABB; 38=16087; 11=C_algo20220722165614; 60=2022-07-22-16:56:18; 10=060;
8=FIX4.4; 35=8; 34=156; 49=MS; 56=MTHREE; 52=2022-07-22-16:56:18; 55=ABB; 11=C_algo20220722165614; 31=0; 150=6; 39=6; 54=1; 44=17.42; 17=exec20220722165618; 32=0; 41=algo20220722165614; 38=16087; 60=2022-07-22-16:56:18; 6=0.0; 14=9651; 37=algo20220722165614; 10=252;
8=FIX4.4; 35=8; 34=157; 49=MS; 56=MTHREE; 52=2022-07-22-16:56:18; 151=3219; 55=ABB; 11=C_algo20220722165614; 31=0; 150=4; 39=4; 54=1; 17=exec20220722165618; 32=0; 41=algo20220722165614; 38=16087; 60=2022-07-22-16:56:18; 6=0.0; 14=9651; 37=algo20220722165614; 10=252;
8=FIX4.4; 35=D; 34=99; 49=MTHREE; 56=MS; 52=2022-07-22-16:56:20; 55=ABT; 40=2; 38=32304; 21=2; 11=algo20220722165620; 60=2022-07-22-16:56:20; 54=2; 44=94.04; 10=0252;
8=FIX4.4; 35=8; 34=159; 49=MS; 56=MTHREE; 52=2022-07-22-16:56:20; 55=ABT; 40=2; 11=algo20220722165620; 31=94.04; 150=0; 39=0; 54=2; 44=94.04; 32=0; 17=exec20220722165620; 38=32304; 60=2022-07-22-16:56:20; 6=0; 14=0; 37=algo20220722165620; 10=200;
8=FIX4.4; 35=F; 34=99; 49=MTHREE; 56=MS; 52=2022-07-22-16:56:21; 41=algo20220722165620; 55=ABT; 38=32304; 11=C_algo20220722165620; 60=2022-07-22-16:56:21; 10=060;
8=FIX4.4; 35=8; 34=159; 49=MS; 56=MTHREE; 52=2022-07-22-16:56:21; 55=ABT; 11=C_algo20220722165620; 31=0; 150=6; 39=6; 54=2; 44=94.04; 17=exec20220722165621; 32=0; 41=algo20220722165620; 38=32304; 60=2022-07-22-16:56:21; 6=0.0; 14=0; 37=algo20220722165620; 10=252;
8=FIX4.4; 35=8; 34=160; 49=MS; 56=MTHREE; 52=2022-07-22-16:56:21; 151=16152; 55=ABT; 11=C_algo20220722165620; 31=0; 150=4; 39=4; 54=2; 17=exec20220722165621; 32=0; 41=algo20220722165620; 38=32304; 60=2022-07-22-16:56:21; 6=0.0; 14=0; 37=algo20220722165620; 10=252;
8=FIX4.4; 35=D; 34=101; 49=MTHREE; 56=MS; 52=2022-07-22-16:56:23; 55=ABBV; 40=2; 38=12186; 21=2; 11=algo20220722165624; 60=2022-07-22-16:56:23; 54=2; 44=83.60; 10=0252;
8=FIX4.4; 35=8; 34=162; 49=MS; 56=MTHREE; 52=2022-07-22-16:56:23; 55=ABBV; 40=2; 11=algo20220722165624; 31=83.60; 150=0; 39=0; 54=2; 44=83.60; 32=0; 17=exec20220722165624; 38=12186; 60=2022-07-22-16:56:23; 6=0; 14=0; 37=algo20220722165624; 10=200;
8=FIX4.4; 35=8; 34=163; 49=MS; 56=MTHREE; 52=2022-07-22-16:56:24; 55=ABBV; 40=2; 11=algo20220722165624; 31=83.60; 150=1; 39=1; 54=2; 44=83.60; 32=2437; 17=exec20220722165624; 38=12186; 60=2022-07-22-16:56:24; 6=83.60; 14=2437; 37=algo20220722165624; 10=240;
8=FIX4.4; 35=F; 34=101; 49=MTHREE; 56=MS; 52=2022-07-22-16:56:25; 41=algo20220722165624; 55=ABBV; 38=12186; 11=C_algo20220722165624; 60=2022-07-22-16:56:25; 10=060;
8=FIX4.4; 35=8; 34=163; 49=MS; 56=MTHREE; 52=2022-07-22-16:56:25; 55=ABBV; 11=C_algo20220722165624; 31=0; 150=6; 39=6; 54=2; 44=83.60; 17=exec20220722165625; 32=0; 41=algo20220722165624; 38=12186; 60=2022-07-22-16:56:25; 6=0.0; 14=2437; 37=algo20220722165624; 10=252;
8=FIX4.4; 35=8; 34=164; 49=MS; 56=MTHREE; 52=2022-07-22-16:56:26; 151=7312; 55=ABBV; 11=C_algo20220722165624; 31=0; 150=4; 39=4; 54=2; 17=exec20220722165625; 32=0; 41=algo20220722165624; 38=12186; 60=2022-07-22-16:56:26; 6=0.0; 14=2437; 37=algo20220722165624; 10=252;
8=FIX4.4; 35=D; 34=103; 49=MTHREE; 56=MS; 52=2022-07-22-16:56:28; 55=ANF; 40=2; 38=10744; 21=2; 11=algo20220722165628; 60=2022-07-22-16:56:28; 54=1; 44=9.10; 10=0252;
8=FIX4.4; 35=8; 34=166; 49=MS; 56=MTHREE; 52=2022-07-22-16:56:28; 55=ANF; 40=2; 11=algo20220722165628; 31=9.10; 150=0; 39=0; 54=1; 44=9.10; 32=0; 17=exec20220722165628; 38=10744; 60=2022-07-22-16:56:28; 6=0; 14=0; 37=algo20220722165628; 10=200;
8=FIX4.4; 35=8; 34=167; 49=MS; 56=MTHREE; 52=2022-07-22-16:56:29; 55=ANF; 40=2; 11=algo20220722165628; 31=9.10; 150=2; 39=2; 54=1; 44=9.10; 32=10744; 17=exec20220722165629; 38=10744; 60=2022-07-22-16:56:29; 6=9.10; 14=10744; 37=algo20220722165628; 10=246;
8=FIX4.4; 35=D; 34=104; 49=MTHREE; 56=MS; 52=2022-07-22-16:56:29; 55=ABM; 40=2; 38=5697; 21=2; 11=algo20220722165629; 60=2022-07-22-16:56:29; 54=2; 44=31.64; 10=0252;
8=FIX4.4; 35=8; 34=168; 49=MS; 56=MTHREE; 52=2022-07-22-16:56:29; 55=ABM; 40=2; 11=algo20220722165629; 31=31.64; 150=0; 39=0; 54=2; 44=31.64; 32=0; 17=exec20220722165629; 38=5697; 60=2022-07-22-16:56:29; 6=0; 14=0; 37=algo20220722165629; 10=200;
8=FIX4.4; 35=8; 34=169; 49=MS; 56=MTHREE; 52=2022-07-22-16:56:29; 55=ABM; 40=2; 11=algo20220722165629; 31=31.64; 150=1; 39=1; 54=2; 44=31.64; 32=2848; 17=exec20220722165629; 38=5697; 60=2022-07-22-16:56:29; 6=31.64; 14=2848; 37=algo20220722165629; 10=240;
8=FIX4.4; 35=8; 34=170; 49=MS; 56=MTHREE; 52=2022-07-22-16:56:32; 55=ABM; 40=2; 11=algo20220722165629; 31=31.64; 150=2; 39=2; 54=2; 44=31.64; 32=2849; 17=exec20220722165632; 38=5697; 60=2022-07-22-16:56:32; 6=31.64; 14=5697; 37=algo20220722165629; 10=246;
8=FIX4.4; 35=D; 34=105; 49=MTHREE; 56=MS; 52=2022-07-22-16:56:32; 55=AAPL; 40=2; 38=15099; 21=2; 11=algo20220722165632; 60=2022-07-22-16:56:32; 54=2; 44=284.65; 10=0252;
8=FIX4.4; 35=8; 34=171; 49=MS; 56=MTHREE; 52=2022-07-22-16:56:32; 55=AAPL; 40=2; 11=algo20220722165632; 31=284.65; 150=0; 39=0; 54=2; 44=284.65; 32=0; 17=exec20220722165632; 38=15099; 60=2022-07-22-16:56:32; 6=0; 14=0; 37=algo20220722165632; 10=200;
8=FIX4.4; 35=8; 34=172; 49=MS; 56=MTHREE; 52=2022-07-22-16:56:32; 55=AAPL; 40=2; 11=algo20220722165632; 31=284.65; 150=1; 39=1; 54=2; 44=284.65; 32=3019; 17=exec20220722165632; 38=15099; 60=2022-07-22-16:56:32; 6=284.65; 14=3019; 37=algo20220722165632; 10=240;
8=FIX4.4; 35=F; 34=105; 49=MTHREE; 56=MS; 52=2022-07-22-16:56:33; 41=algo20220722165632; 55=AAPL; 38=15099; 11=C_algo20220722165632; 60=2022-07-22-16:56:33; 10=060;
8=FIX4.4; 35=8; 34=172; 49=MS; 56=MTHREE; 52=2022-07-22-16:56:33; 55=AAPL; 11=C_algo20220722165632; 31=0; 150=6; 39=6; 54=2; 44=284.65; 17=exec20220722165633; 32=0; 41=algo20220722165632; 38=15099; 60=2022-07-22-16:56:33; 6=0.0; 14=3019; 37=algo20220722165632; 10=252;
8=FIX4.4; 35=8; 34=173; 49=MS; 56=MTHREE; 52=2022-07-22-16:56:33; 151=9061; 55=AAPL; 11=C_algo20220722165632; 31=0; 150=4; 39=4; 54=2; 17=exec20220722165633; 32=0; 41=algo20220722165632; 38=15099; 60=2022-07-22-16:56:33; 6=0.0; 14=3019; 37=algo20220722165632; 10=252;
8=FIX4.4; 35=D; 34=107; 49=MTHREE; 56=MS; 52=2022-07-22-16:56:35; 55=PEP; 40=2; 38=10773; 21=2; 11=algo20220722165635; 60=2022-07-22-16:56:35; 54=2; 44=45.43; 10=0252;
8=FIX4.4; 35=8; 34=175; 49=MS; 56=MTHREE; 52=2022-07-22-16:56:35; 55=PEP; 40=2; 11=algo20220722165635; 31=45.43; 150=0; 39=0; 54=2; 44=45.43; 32=0; 17=exec20220722165636; 38=10773; 60=2022-07-22-16:56:35; 6=0; 14=0; 37=algo20220722165635; 10=200;
8=FIX4.4; 35=8; 34=176; 49=MS; 56=MTHREE; 52=2022-07-22-16:56:36; 55=PEP; 40=2; 11=algo20220722165635; 31=45.43; 150=1; 39=1; 54=2; 44=45.43; 32=5386; 17=exec20220722165636; 38=10773; 60=2022-07-22-16:56:36; 6=45.43; 14=5386; 37=algo20220722165635; 10=240;
8=FIX4.4; 35=8; 34=177; 49=MS; 56=MTHREE; 52=2022-07-22-16:56:38; 55=PEP; 40=2; 11=algo20220722165635; 31=45.43; 150=2; 39=2; 54=2; 44=45.43; 32=5387; 17=exec20220722165638; 38=10773; 60=2022-07-22-16:56:38; 6=45.43; 14=10773; 37=algo20220722165635; 10=246;
8=FIX4.4; 35=D; 34=108; 49=MTHREE; 56=MS; 52=2022-07-22-16:56:38; 55=; 40=2; 38=29459; 21=2; 11=algo20220722165638; 60=2022-07-22-16:56:38; 54=2; 44=; 10=0252;
8=FIX4.4; 35=8; 34=178; 49=MS; 56=MTHREE; 52=2022-07-22-16:56:38; 55=; 40=2; 11=algo20220722165638; 31=; 150=0; 39=0; 54=2; 44=; 32=0; 17=exec20220722165638; 38=29459; 60=2022-07-22-16:56:38; 6=0; 14=0; 37=algo20220722165638; 10=200;
8=FIX4.4; 35=F; 34=108; 49=MTHREE; 56=MS; 52=2022-07-22-16:56:38; 41=algo20220722165638; 55=; 38=29459; 11=C_algo20220722165638; 60=2022-07-22-16:56:38; 10=060;
8=FIX4.4; 35=8; 34=178; 49=MS; 56=MTHREE; 52=2022-07-22-16:56:38; 55=; 11=C_algo20220722165638; 31=0; 150=6; 39=6; 54=2; 44=; 17=exec20220722165638; 32=0; 41=algo20220722165638; 38=29459; 60=2022-07-22-16:56:38; 6=0.0; 14=0; 37=algo20220722165638; 10=252;
8=FIX4.4; 35=8; 34=179; 49=MS; 56=MTHREE; 52=2022-07-22-16:56:38; 151=22095; 55=; 11=C_algo20220722165638; 31=0; 150=4; 39=4; 54=2; 17=exec20220722165638; 32=0; 41=algo20220722165638; 38=29459; 60=2022-07-22-16:56:38; 6=0.0; 14=0; 37=algo20220722165638; 10=252;
