8=FIX4.4; 35=A; 34=1; 49=MTHREE; 56=MS; 52=2022-07-31-11:32:06; 108=30; 10=0015;
8=FIX4.4; 35=A; 34=1; 49=MS; 56=MTHREE; 52=2022-07-31-11:32:06; 108=30; 10=0016;
8=FIX4.4; 35=0; 34=2; 49=MTHREE; 56=MS; 52=2022-07-31-11:32:06; 108=30; 10=0015;
8=FIX4.4; 35=0; 34=2; 49=MS; 56=MTHREE; 52=2022-07-31-11:32:06; 108=30; 10=0015;
8=FIX4.4; 35=0; 34=3; 49=MTHREE; 56=MS; 52=2022-07-31-11:32:08; 108=30; 10=0015;
8=FIX4.4; 35=0; 34=3; 49=MS; 56=MTHREE; 52=2022-07-31-11:32:08; 108=30; 10=0015;
8=FIX4.4; 35=0; 34=4; 49=MTHREE; 56=MS; 52=2022-07-31-11:32:10; 108=30; 10=0015;
8=FIX4.4; 35=0; 34=4; 49=MS; 56=MTHREE; 52=2022-07-31-11:32:10; 108=30; 10=0015;
8=FIX4.4; 35=0; 34=5; 49=MTHREE; 56=MS; 52=2022-07-31-11:32:12; 108=30; 10=0015;
8=FIX4.4; 35=0; 34=5; 49=MS; 56=MTHREE; 52=2022-07-31-11:32:12; 108=30; 10=0015;
8=FIX4.4; 35=0; 34=6; 49=MTHREE; 56=MS; 52=2022-07-31-11:32:14; 108=30; 10=0015;
8=FIX4.4; 35=0; 34=6; 49=MS; 56=MTHREE; 52=2022-07-31-11:32:14; 108=30; 10=0015;
8=FIX4.4; 35=0; 34=7; 49=MTHREE; 56=MS; 52=2022-07-31-11:32:16; 108=30; 10=0015;
8=FIX4.4; 35=0; 34=7; 49=MS; 56=MTHREE; 52=2022-07-31-11:32:16; 108=30; 10=0015;
8=FIX4.4; 35=0; 34=8; 49=MTHREE; 56=MS; 52=2022-07-31-11:32:18; 108=30; 10=0015;
8=FIX4.4; 35=0; 34=8; 49=MS; 56=MTHREE; 52=2022-07-31-11:32:18; 108=30; 10=0015;
8=FIX4.4; 35=0; 34=9; 49=MTHREE; 56=MS; 52=2022-07-31-11:32:20; 108=30; 10=0015;
8=FIX4.4; 35=0; 34=9; 49=MS; 56=MTHREE; 52=2022-07-31-11:32:20; 108=30; 10=0015;
8=FIX4.4; 35=0; 34=10; 49=MTHREE; 56=MS; 52=2022-07-31-11:32:22; 108=30; 10=0015;
8=FIX4.4; 35=0; 34=10; 49=MS; 56=MTHREE; 52=2022-07-31-11:32:22; 108=30; 10=0015;
8=FIX4.4; 35=0; 34=11; 49=MTHREE; 56=MS; 52=2022-07-31-11:32:24; 108=30; 10=0015;
8=FIX4.4; 35=0; 34=11; 49=MS; 56=MTHREE; 52=2022-07-31-11:32:24; 108=30; 10=0015;
8=FIX4.4; 35=0; 34=12; 49=MTHREE; 56=MS; 52=2022-07-31-11:32:26; 108=30; 10=0015;
8=FIX4.4; 35=0; 34=12; 49=MS; 56=MTHREE; 52=2022-07-31-11:32:26; 108=30; 10=0015;
8=FIX4.4; 35=0; 34=13; 49=MTHREE; 56=MS; 52=2022-07-31-11:32:28; 108=30; 10=0015;
8=FIX4.4; 35=0; 34=13; 49=MS; 56=MTHREE; 52=2022-07-31-11:32:28; 108=30; 10=0015;
8=FIX4.4; 35=0; 34=14; 49=MTHREE; 56=MS; 52=2022-07-31-11:32:30; 108=30; 10=0015;
8=FIX4.4; 35=0; 34=14; 49=MS; 56=MTHREE; 52=2022-07-31-11:32:30; 108=30; 10=0015;
8=FIX4.4; 35=0; 34=15; 49=MTHREE; 56=MS; 52=2022-07-31-11:32:32; 108=30; 10=0015;
8=FIX4.4; 35=0; 34=15; 49=MS; 56=MTHREE; 52=2022-07-31-11:32:32; 108=30; 10=0015;
8=FIX4.4; 35=0; 34=16; 49=MTHREE; 56=MS; 52=2022-07-31-11:32:34; 108=30; 10=0015;
8=FIX4.4; 35=0; 34=16; 49=MS; 56=MTHREE; 52=2022-07-31-11:32:34; 108=30; 10=0015;
8=FIX4.4; 35=0; 34=17; 49=MTHREE; 56=MS; 52=2022-07-31-11:32:36; 108=30; 10=0015;
8=FIX4.4; 35=0; 34=17; 49=MS; 56=MTHREE; 52=2022-07-31-11:32:36; 108=30; 10=0015;
8=FIX4.4; 35=0; 34=18; 49=MTHREE; 56=MS; 52=2022-07-31-11:32:38; 108=30; 10=0015;
8=FIX4.4; 35=0; 34=18; 49=MS; 56=MTHREE; 52=2022-07-31-11:32:38; 108=30; 10=0015;
8=FIX4.4; 35=0; 34=19; 49=MTHREE; 56=MS; 52=2022-07-31-11:32:40; 108=30; 10=0015;
8=FIX4.4; 35=0; 34=19; 49=MS; 56=MTHREE; 52=2022-07-31-11:32:40; 108=30; 10=0015;
8=FIX4.4; 35=0; 34=20; 49=MTHREE; 56=MS; 52=2022-07-31-11:32:42; 108=30; 10=0015;
8=FIX4.4; 35=0; 34=20; 49=MS; 56=MTHREE; 52=2022-07-31-11:32:42; 108=30; 10=0015;
8=FIX4.4; 35=0; 34=21; 49=MTHREE; 56=MS; 52=2022-07-31-11:32:44; 108=30; 10=0015;
8=FIX4.4; 35=0; 34=21; 49=MS; 56=MTHREE; 52=2022-07-31-11:32:44; 108=30; 10=0015;
8=FIX4.4; 35=0; 34=22; 49=MTHREE; 56=MS; 52=2022-07-31-11:32:46; 108=30; 10=0015;
8=FIX4.4; 35=0; 34=22; 49=MS; 56=MTHREE; 52=2022-07-31-11:32:46; 108=30; 10=0015;
8=FIX4.4; 35=0; 34=23; 49=MTHREE; 56=MS; 52=2022-07-31-11:32:48; 108=30; 10=0015;
8=FIX4.4; 35=0; 34=23; 49=MS; 56=MTHREE; 52=2022-07-31-11:32:48; 108=30; 10=0015;
8=FIX4.4; 35=0; 34=24; 49=MTHREE; 56=MS; 52=2022-07-31-11:32:50; 108=30; 10=0015;
8=FIX4.4; 35=0; 34=24; 49=MS; 56=MTHREE; 52=2022-07-31-11:32:50; 108=30; 10=0015;
8=FIX4.4; 35=0; 34=25; 49=MTHREE; 56=MS; 52=2022-07-31-11:32:52; 108=30; 10=0015;
8=FIX4.4; 35=0; 34=25; 49=MS; 56=MTHREE; 52=2022-07-31-11:32:52; 108=30; 10=0015;
8=FIX4.4; 35=0; 34=26; 49=MTHREE; 56=MS; 52=2022-07-31-11:32:55; 108=30; 10=0015;
8=FIX4.4; 35=0; 34=26; 49=MS; 56=MTHREE; 52=2022-07-31-11:32:55; 108=30; 10=0015;
8=FIX4.4; 35=0; 34=27; 49=MTHREE; 56=MS; 52=2022-07-31-11:32:57; 108=30; 10=0015;
8=FIX4.4; 35=0; 34=27; 49=MS; 56=MTHREE; 52=2022-07-31-11:32:57; 108=30; 10=0015;
8=FIX4.4; 35=0; 34=28; 49=MTHREE; 56=MS; 52=2022-07-31-11:32:59; 108=30; 10=0015;
8=FIX4.4; 35=0; 34=28; 49=MS; 56=MTHREE; 52=2022-07-31-11:32:59; 108=30; 10=0015;
8=FIX4.4; 35=0; 34=29; 49=MTHREE; 56=MS; 52=2022-07-31-11:33:01; 108=30; 10=0015;
8=FIX4.4; 35=0; 34=29; 49=MS; 56=MTHREE; 52=2022-07-31-11:33:01; 108=30; 10=0015;
8=FIX4.4; 35=0; 34=30; 49=MTHREE; 56=MS; 52=2022-07-31-11:33:03; 108=30; 10=0015;
8=FIX4.4; 35=0; 34=30; 49=MS; 56=MTHREE; 52=2022-07-31-11:33:03; 108=30; 10=0015;
8=FIX4.4; 35=0; 34=31; 49=MTHREE; 56=MS; 52=2022-07-31-11:33:05; 108=30; 10=0015;
8=FIX4.4; 35=0; 34=31; 49=MS; 56=MTHREE; 52=2022-07-31-11:33:05; 108=30; 10=0015;
8=FIX4.4; 35=0; 34=32; 49=MTHREE; 56=MS; 52=2022-07-31-11:33:07; 108=30; 10=0015;
8=FIX4.4; 35=0; 34=32; 49=MS; 56=MTHREE; 52=2022-07-31-11:33:07; 108=30; 10=0015;
8=FIX4.4; 35=0; 34=33; 49=MTHREE; 56=MS; 52=2022-07-31-11:33:09; 108=30; 10=0015;
8=FIX4.4; 35=0; 34=33; 49=MS; 56=MTHREE; 52=2022-07-31-11:33:09; 108=30; 10=0015;
8=FIX4.4; 35=0; 34=34; 49=MTHREE; 56=MS; 52=2022-07-31-11:33:11; 108=30; 10=0015;
8=FIX4.4; 35=0; 34=34; 49=MS; 56=MTHREE; 52=2022-07-31-11:33:11; 108=30; 10=0015;
8=FIX4.4; 35=0; 34=35; 49=MTHREE; 56=MS; 52=2022-07-31-11:33:13; 108=30; 10=0015;
8=FIX4.4; 35=0; 34=35; 49=MS; 56=MTHREE; 52=2022-07-31-11:33:13; 108=30; 10=0015;
8=FIX4.4; 35=0; 34=36; 49=MTHREE; 56=MS; 52=2022-07-31-11:33:15; 108=30; 10=0015;
8=FIX4.4; 35=0; 34=36; 49=MS; 56=MTHREE; 52=2022-07-31-11:33:15; 108=30; 10=0015;
8=FIX4.4; 35=0; 34=37; 49=MTHREE; 56=MS; 52=2022-07-31-11:33:17; 108=30; 10=0015;
8=FIX4.4; 35=0; 34=37; 49=MS; 56=MTHREE; 52=2022-07-31-11:33:17; 108=30; 10=0015;
8=FIX4.4; 35=0; 34=38; 49=MTHREE; 56=MS; 52=2022-07-31-11:33:19; 108=30; 10=0015;
8=FIX4.4; 35=0; 34=38; 49=MS; 56=MTHREE; 52=2022-07-31-11:33:19; 108=30; 10=0015;
8=FIX4.4; 35=0; 34=39; 49=MTHREE; 56=MS; 52=2022-07-31-11:33:21; 108=30; 10=0015;
8=FIX4.4; 35=0; 34=39; 49=MS; 56=MTHREE; 52=2022-07-31-11:33:21; 108=30; 10=0015;
8=FIX4.4; 35=0; 34=40; 49=MTHREE; 56=MS; 52=2022-07-31-11:33:23; 108=30; 10=0015;
8=FIX4.4; 35=0; 34=40; 49=MS; 56=MTHREE; 52=2022-07-31-11:33:23; 108=30; 10=0015;
8=FIX4.4; 35=0; 34=41; 49=MTHREE; 56=MS; 52=2022-07-31-11:33:25; 108=30; 10=0015;
8=FIX4.4; 35=0; 34=41; 49=MS; 56=MTHREE; 52=2022-07-31-11:33:25; 108=30; 10=0015;
8=FIX4.4; 35=0; 34=42; 49=MTHREE; 56=MS; 52=2022-07-31-11:33:27; 108=30; 10=0015;
8=FIX4.4; 35=0; 34=42; 49=MS; 56=MTHREE; 52=2022-07-31-11:33:27; 108=30; 10=0015;
8=FIX4.4; 35=0; 34=43; 49=MTHREE; 56=MS; 52=2022-07-31-11:33:29; 108=30; 10=0015;
8=FIX4.4; 35=0; 34=43; 49=MS; 56=MTHREE; 52=2022-07-31-11:33:29; 108=30; 10=0015;
8=FIX4.4; 35=0; 34=44; 49=MTHREE; 56=MS; 52=2022-07-31-11:33:31; 108=30; 10=0015;
8=FIX4.4; 35=0; 34=44; 49=MS; 56=MTHREE; 52=2022-07-31-11:33:31; 108=30; 10=0015;
8=FIX4.4; 35=0; 34=45; 49=MTHREE; 56=MS; 52=2022-07-31-11:33:33; 108=30; 10=0015;
8=FIX4.4; 35=0; 34=45; 49=MS; 56=MTHREE; 52=2022-07-31-11:33:33; 108=30; 10=0015;
8=FIX4.4; 35=0; 34=46; 49=MTHREE; 56=MS; 52=2022-07-31-11:33:35; 108=30; 10=0015;
8=FIX4.4; 35=0; 34=46; 49=MS; 56=MTHREE; 52=2022-07-31-11:33:35; 108=30; 10=0015;
8=FIX4.4; 35=0; 34=47; 49=MTHREE; 56=MS; 52=2022-07-31-11:33:37; 108=30; 10=0015;
8=FIX4.4; 35=0; 34=47; 49=MS; 56=MTHREE; 52=2022-07-31-11:33:37; 108=30; 10=0015;
8=FIX4.4; 35=0; 34=48; 49=MTHREE; 56=MS; 52=2022-07-31-11:33:39; 108=30; 10=0015;
8=FIX4.4; 35=0; 34=48; 49=MS; 56=MTHREE; 52=2022-07-31-11:33:39; 108=30; 10=0015;
8=FIX4.4; 35=0; 34=49; 49=MTHREE; 56=MS; 52=2022-07-31-11:33:41; 108=30; 10=0015;
8=FIX4.4; 35=0; 34=49; 49=MS; 56=MTHREE; 52=2022-07-31-11:33:41; 108=30; 10=0015;
8=FIX4.4; 35=0; 34=50; 49=MTHREE; 56=MS; 52=2022-07-31-11:33:43; 108=30; 10=0015;
8=FIX4.4; 35=0; 34=50; 49=MS; 56=MTHREE; 52=2022-07-31-11:33:43; 108=30; 10=0015;
8=FIX4.4; 35=0; 34=51; 49=MTHREE; 56=MS; 52=2022-07-31-11:33:45; 108=30; 10=0015;
8=FIX4.4; 35=0; 34=51; 49=MS; 56=MTHREE; 52=2022-07-31-11:33:45; 108=30; 10=0015;
8=FIX4.4; 35=D; 34=52; 49=MTHREE; 56=MS; 52=2022-07-31-11:33:47; 55=AAPL; 40=2; 38=2179; 21=2; 11=algo20220731113347; 60=2022-07-31-11:33:47; 54=2; 44=1276.37; 10=0252;
8=FIX4.4; 35=8; 34=52; 49=MS; 56=MTHREE; 52=2022-07-31-11:33:47; 55=AAPL; 40=2; 11=algo20220731113347; 31=1276.37; 150=0; 39=0; 54=2; 44=1276.37; 32=0; 17=exec20220731113347; 38=2179; 60=2022-07-31-11:33:47; 6=0; 14=0; 37=algo20220731113347; 10=200;
8=FIX4.4; 35=F; 34=52; 49=MTHREE; 56=MS; 52=2022-07-31-11:33:47; 41=algo20220731113347; 55=AAPL; 38=2179; 11=C_algo20220731113347; 60=2022-07-31-11:33:47; 10=060;
8=FIX4.4; 35=8; 34=52; 49=MS; 56=MTHREE; 52=2022-07-31-11:33:47; 55=AAPL; 11=C_algo20220731113347; 31=0; 150=6; 39=6; 54=2; 44=1276.37; 17=exec20220731113347; 32=0; 41=algo20220731113347; 38=2179; 60=2022-07-31-11:33:47; 6=0.0; 14=0; 37=algo20220731113347; 10=252;
8=FIX4.4; 35=8; 34=53; 49=MS; 56=MTHREE; 52=2022-07-31-11:33:47; 151=1635; 55=AAPL; 11=C_algo20220731113347; 31=0; 150=4; 39=4; 54=2; 17=exec20220731113347; 32=0; 41=algo20220731113347; 38=2179; 60=2022-07-31-11:33:47; 6=0.0; 14=0; 37=algo20220731113347; 10=252;
8=FIX4.4; 35=D; 34=54; 49=MTHREE; 56=MS; 52=2022-07-31-11:33:49; 55=MSFT; 40=2; 38=12174; 21=2; 11=algo20220731113349; 60=2022-07-31-11:33:49; 54=1; 44=59.89; 10=0252;
8=FIX4.4; 35=8; 34=55; 49=MS; 56=MTHREE; 52=2022-07-31-11:33:49; 55=MSFT; 40=2; 11=algo20220731113349; 31=59.89; 150=0; 39=0; 54=1; 44=59.89; 32=0; 17=exec20220731113349; 38=12174; 60=2022-07-31-11:33:49; 6=0; 14=0; 37=algo20220731113349; 10=200;
8=FIX4.4; 35=8; 34=56; 49=MS; 56=MTHREE; 52=2022-07-31-11:33:49; 55=MSFT; 40=2; 11=algo20220731113349; 31=59.89; 150=1; 39=1; 54=1; 44=59.89; 32=3043; 17=exec20220731113349; 38=12174; 60=2022-07-31-11:33:49; 6=59.89; 14=3043; 37=algo20220731113349; 10=240;
8=FIX4.4; 35=8; 34=57; 49=MS; 56=MTHREE; 52=2022-07-31-11:33:50; 55=MSFT; 40=2; 11=algo20220731113349; 31=59.89; 150=1; 39=1; 54=1; 44=59.89; 32=3043; 17=exec20220731113350; 38=12174; 60=2022-07-31-11:33:50; 6=59.89; 14=6086; 37=algo20220731113349; 10=240;
8=FIX4.4; 35=8; 34=58; 49=MS; 56=MTHREE; 52=2022-07-31-11:33:51; 55=MSFT; 40=2; 11=algo20220731113349; 31=59.89; 150=1; 39=1; 54=1; 44=59.89; 32=3043; 17=exec20220731113351; 38=12174; 60=2022-07-31-11:33:51; 6=59.89; 14=9129; 37=algo20220731113349; 10=240;
8=FIX4.4; 35=8; 34=59; 49=MS; 56=MTHREE; 52=2022-07-31-11:33:53; 55=MSFT; 40=2; 11=algo20220731113349; 31=59.89; 150=2; 39=2; 54=1; 44=59.89; 32=3045; 17=exec20220731113353; 38=12174; 60=2022-07-31-11:33:53; 6=59.89; 14=12174; 37=algo20220731113349; 10=246;
8=FIX4.4; 35=D; 34=55; 49=MTHREE; 56=MS; 52=2022-07-31-11:33:53; 55=AMZN; 40=2; 38=30346; 21=2; 11=algo20220731113353; 60=2022-07-31-11:33:53; 54=1; 44=133.47; 10=0252;
8=FIX4.4; 35=8; 34=60; 49=MS; 56=MTHREE; 52=2022-07-31-11:33:53; 55=AMZN; 40=2; 11=algo20220731113353; 31=133.47; 150=0; 39=0; 54=1; 44=133.47; 32=0; 17=exec20220731113353; 38=30346; 60=2022-07-31-11:33:53; 6=0; 14=0; 37=algo20220731113353; 10=200;
8=FIX4.4; 35=8; 34=61; 49=MS; 56=MTHREE; 52=2022-07-31-11:33:54; 55=AMZN; 40=2; 11=algo20220731113353; 31=133.47; 150=2; 39=2; 54=1; 44=133.47; 32=30346; 17=exec20220731113354; 38=30346; 60=2022-07-31-11:33:54; 6=133.47; 14=30346; 37=algo20220731113353; 10=246;
8=FIX4.4; 35=D; 34=56; 49=MTHREE; 56=MS; 52=2022-07-31-11:33:54; 55=FB; 40=2; 38=4847; 21=2; 11=algo20220731113354; 60=2022-07-31-11:33:54; 54=2; 44=430.62; 10=0252;
8=FIX4.4; 35=8; 34=62; 49=MS; 56=MTHREE; 52=2022-07-31-11:33:54; 55=FB; 40=2; 11=algo20220731113354; 31=430.62; 150=0; 39=0; 54=2; 44=430.62; 32=0; 17=exec20220731113354; 38=4847; 60=2022-07-31-11:33:54; 6=0; 14=0; 37=algo20220731113354; 10=200;
8=FIX4.4; 35=F; 34=56; 49=MTHREE; 56=MS; 52=2022-07-31-11:33:54; 41=algo20220731113354; 55=FB; 38=4847; 11=C_algo20220731113354; 60=2022-07-31-11:33:54; 10=060;
8=FIX4.4; 35=8; 34=62; 49=MS; 56=MTHREE; 52=2022-07-31-11:33:54; 55=FB; 11=C_algo20220731113354; 31=0; 150=6; 39=6; 54=2; 44=430.62; 17=exec20220731113354; 32=0; 41=algo20220731113354; 38=4847; 60=2022-07-31-11:33:54; 6=0.0; 14=0; 37=algo20220731113354; 10=252;
8=FIX4.4; 35=8; 34=63; 49=MS; 56=MTHREE; 52=2022-07-31-11:33:54; 151=2424; 55=FB; 11=C_algo20220731113354; 31=0; 150=4; 39=4; 54=2; 17=exec20220731113354; 32=0; 41=algo20220731113354; 38=4847; 60=2022-07-31-11:33:54; 6=0.0; 14=0; 37=algo20220731113354; 10=252;
8=FIX4.4; 35=D; 34=58; 49=MTHREE; 56=MS; 52=2022-07-31-11:33:56; 55=GOOG; 40=2; 38=31680; 21=2; 11=algo20220731113356; 60=2022-07-31-11:33:56; 54=1; 44=42.05; 10=0252;
8=FIX4.4; 35=8; 34=65; 49=MS; 56=MTHREE; 52=2022-07-31-11:33:56; 55=GOOG; 40=2; 11=algo20220731113356; 31=42.05; 150=0; 39=0; 54=1; 44=42.05; 32=0; 17=exec20220731113356; 38=31680; 60=2022-07-31-11:33:56; 6=0; 14=0; 37=algo20220731113356; 10=200;
8=FIX4.4; 35=8; 34=66; 49=MS; 56=MTHREE; 52=2022-07-31-11:33:56; 55=GOOG; 40=2; 11=algo20220731113356; 31=42.05; 150=1; 39=1; 54=1; 44=42.05; 32=6336; 17=exec20220731113356; 38=31680; 60=2022-07-31-11:33:56; 6=42.05; 14=6336; 37=algo20220731113356; 10=240;
8=FIX4.4; 35=8; 34=67; 49=MS; 56=MTHREE; 52=2022-07-31-11:33:57; 55=GOOG; 40=2; 11=algo20220731113356; 31=42.05; 150=1; 39=1; 54=1; 44=42.05; 32=6336; 17=exec20220731113357; 38=31680; 60=2022-07-31-11:33:57; 6=42.05; 14=12672; 37=algo20220731113356; 10=240;
8=FIX4.4; 35=8; 34=68; 49=MS; 56=MTHREE; 52=2022-07-31-11:33:58; 55=GOOG; 40=2; 11=algo20220731113356; 31=42.05; 150=1; 39=1; 54=1; 44=42.05; 32=6336; 17=exec20220731113358; 38=31680; 60=2022-07-31-11:33:58; 6=42.05; 14=19008; 37=algo20220731113356; 10=240;
8=FIX4.4; 35=8; 34=69; 49=MS; 56=MTHREE; 52=2022-07-31-11:33:59; 55=GOOG; 40=2; 11=algo20220731113356; 31=42.05; 150=1; 39=1; 54=1; 44=42.05; 32=6336; 17=exec20220731113359; 38=31680; 60=2022-07-31-11:33:59; 6=42.05; 14=25344; 37=algo20220731113356; 10=240;
8=FIX4.4; 35=8; 34=70; 49=MS; 56=MTHREE; 52=2022-07-31-11:34:01; 55=GOOG; 40=2; 11=algo20220731113356; 31=42.05; 150=2; 39=2; 54=1; 44=42.05; 32=6336; 17=exec20220731113401; 38=31680; 60=2022-07-31-11:34:01; 6=42.05; 14=31680; 37=algo20220731113356; 10=246;
8=FIX4.4; 35=D; 34=59; 49=MTHREE; 56=MS; 52=2022-07-31-11:34:01; 55=GOOGL; 40=2; 38=18902; 21=2; 11=algo20220731113401; 60=2022-07-31-11:34:01; 54=2; 44=289.20; 10=0252;
8=FIX4.4; 35=8; 34=71; 49=MS; 56=MTHREE; 52=2022-07-31-11:34:01; 55=GOOGL; 40=2; 11=algo20220731113401; 31=289.20; 150=0; 39=0; 54=2; 44=289.20; 32=0; 17=exec20220731113401; 38=18902; 60=2022-07-31-11:34:01; 6=0; 14=0; 37=algo20220731113401; 10=200;
8=FIX4.4; 35=8; 34=72; 49=MS; 56=MTHREE; 52=2022-07-31-11:34:02; 55=GOOGL; 40=2; 11=algo20220731113401; 31=289.20; 150=2; 39=2; 54=2; 44=289.20; 32=18902; 17=exec20220731113402; 38=18902; 60=2022-07-31-11:34:02; 6=289.20; 14=18902; 37=algo20220731113401; 10=246;
8=FIX4.4; 35=D; 34=60; 49=MTHREE; 56=MS; 52=2022-07-31-11:34:02; 55=INTC; 40=2; 38=10241; 21=2; 11=algo20220731113402; 60=2022-07-31-11:34:02; 54=1; 44=339.13; 10=0252;
8=FIX4.4; 35=8; 34=73; 49=MS; 56=MTHREE; 52=2022-07-31-11:34:02; 55=INTC; 40=2; 11=algo20220731113402; 31=339.13; 150=0; 39=0; 54=1; 44=339.13; 32=0; 17=exec20220731113402; 38=10241; 60=2022-07-31-11:34:02; 6=0; 14=0; 37=algo20220731113402; 10=200;
8=FIX4.4; 35=F; 34=60; 49=MTHREE; 56=MS; 52=2022-07-31-11:34:02; 41=algo20220731113402; 55=INTC; 38=10241; 11=C_algo20220731113402; 60=2022-07-31-11:34:02; 10=060;
8=FIX4.4; 35=8; 34=73; 49=MS; 56=MTHREE; 52=2022-07-31-11:34:02; 55=INTC; 11=C_algo20220731113402; 31=0; 150=6; 39=6; 54=1; 44=339.13; 17=exec20220731113402; 32=0; 41=algo20220731113402; 38=10241; 60=2022-07-31-11:34:02; 6=0.0; 14=0; 37=algo20220731113402; 10=252;
8=FIX4.4; 35=8; 34=74; 49=MS; 56=MTHREE; 52=2022-07-31-11:34:02; 151=8193; 55=INTC; 11=C_algo20220731113402; 31=0; 150=4; 39=4; 54=1; 17=exec20220731113402; 32=0; 41=algo20220731113402; 38=10241; 60=2022-07-31-11:34:02; 6=0.0; 14=0; 37=algo20220731113402; 10=252;
8=FIX4.4; 35=D; 34=62; 49=MTHREE; 56=MS; 52=2022-07-31-11:34:04; 55=PEP; 40=2; 38=4306; 21=2; 11=algo20220731113404; 60=2022-07-31-11:34:04; 54=1; 44=36.21; 10=0252;
8=FIX4.4; 35=8; 34=76; 49=MS; 56=MTHREE; 52=2022-07-31-11:34:04; 55=PEP; 40=2; 11=algo20220731113404; 31=36.21; 150=0; 39=0; 54=1; 44=36.21; 32=0; 17=exec20220731113404; 38=4306; 60=2022-07-31-11:34:04; 6=0; 14=0; 37=algo20220731113404; 10=200;
8=FIX4.4; 35=8; 34=77; 49=MS; 56=MTHREE; 52=2022-07-31-11:34:04; 55=PEP; 40=2; 11=algo20220731113404; 31=36.21; 150=1; 39=1; 54=1; 44=36.21; 32=861; 17=exec20220731113404; 38=4306; 60=2022-07-31-11:34:04; 6=36.21; 14=861; 37=algo20220731113404; 10=240;
8=FIX4.4; 35=8; 34=78; 49=MS; 56=MTHREE; 52=2022-07-31-11:34:06; 55=PEP; 40=2; 11=algo20220731113404; 31=36.21; 150=1; 39=1; 54=1; 44=36.21; 32=861; 17=exec20220731113406; 38=4306; 60=2022-07-31-11:34:06; 6=36.21; 14=1722; 37=algo20220731113404; 10=240;
8=FIX4.4; 35=8; 34=79; 49=MS; 56=MTHREE; 52=2022-07-31-11:34:07; 55=PEP; 40=2; 11=algo20220731113404; 31=36.21; 150=1; 39=1; 54=1; 44=36.21; 32=861; 17=exec20220731113407; 38=4306; 60=2022-07-31-11:34:07; 6=36.21; 14=2583; 37=algo20220731113404; 10=240;
8=FIX4.4; 35=8; 34=80; 49=MS; 56=MTHREE; 52=2022-07-31-11:34:08; 55=PEP; 40=2; 11=algo20220731113404; 31=36.21; 150=1; 39=1; 54=1; 44=36.21; 32=861; 17=exec20220731113408; 38=4306; 60=2022-07-31-11:34:08; 6=36.21; 14=3444; 37=algo20220731113404; 10=240;
8=FIX4.4; 35=8; 34=81; 49=MS; 56=MTHREE; 52=2022-07-31-11:34:10; 55=PEP; 40=2; 11=algo20220731113404; 31=36.21; 150=2; 39=2; 54=1; 44=36.21; 32=862; 17=exec20220731113410; 38=4306; 60=2022-07-31-11:34:10; 6=36.21; 14=4306; 37=algo20220731113404; 10=246;
8=FIX4.4; 35=D; 34=63; 49=MTHREE; 56=MS; 52=2022-07-31-11:34:10; 55=NFLX; 40=2; 38=8366; 21=2; 11=algo20220731113410; 60=2022-07-31-11:34:10; 54=2; 44=306.71; 10=0252;
8=FIX4.4; 35=8; 34=82; 49=MS; 56=MTHREE; 52=2022-07-31-11:34:10; 55=NFLX; 40=2; 11=algo20220731113410; 31=306.71; 150=0; 39=0; 54=2; 44=306.71; 32=0; 17=exec20220731113410; 38=8366; 60=2022-07-31-11:34:10; 6=0; 14=0; 37=algo20220731113410; 10=200;
8=FIX4.4; 35=F; 34=63; 49=MTHREE; 56=MS; 52=2022-07-31-11:34:10; 41=algo20220731113410; 55=NFLX; 38=8366; 11=C_algo20220731113410; 60=2022-07-31-11:34:10; 10=060;
8=FIX4.4; 35=8; 34=82; 49=MS; 56=MTHREE; 52=2022-07-31-11:34:10; 55=NFLX; 11=C_algo20220731113410; 31=0; 150=6; 39=6; 54=2; 44=306.71; 17=exec20220731113410; 32=0; 41=algo20220731113410; 38=8366; 60=2022-07-31-11:34:10; 6=0.0; 14=0; 37=algo20220731113410; 10=252;
8=FIX4.4; 35=8; 34=83; 49=MS; 56=MTHREE; 52=2022-07-31-11:34:10; 151=6693; 55=NFLX; 11=C_algo20220731113410; 31=0; 150=4; 39=4; 54=2; 17=exec20220731113410; 32=0; 41=algo20220731113410; 38=8366; 60=2022-07-31-11:34:10; 6=0.0; 14=0; 37=algo20220731113410; 10=252;
8=FIX4.4; 35=D; 34=65; 49=MTHREE; 56=MS; 52=2022-07-31-11:34:12; 55=CSCO; 40=2; 38=18360; 21=2; 11=algo20220731113412; 60=2022-07-31-11:34:12; 54=1; 44=233.73; 10=0252;
8=FIX4.4; 35=8; 34=85; 49=MS; 56=MTHREE; 52=2022-07-31-11:34:12; 55=CSCO; 40=2; 11=algo20220731113412; 31=233.73; 150=0; 39=0; 54=1; 44=233.73; 32=0; 17=exec20220731113412; 38=18360; 60=2022-07-31-11:34:12; 6=0; 14=0; 37=algo20220731113412; 10=200;
8=FIX4.4; 35=8; 34=86; 49=MS; 56=MTHREE; 52=2022-07-31-11:34:12; 55=CSCO; 40=2; 11=algo20220731113412; 31=233.73; 150=1; 39=1; 54=1; 44=233.73; 32=3672; 17=exec20220731113412; 38=18360; 60=2022-07-31-11:34:12; 6=233.73; 14=3672; 37=algo20220731113412; 10=240;
8=FIX4.4; 35=8; 34=87; 49=MS; 56=MTHREE; 52=2022-07-31-11:34:13; 55=CSCO; 40=2; 11=algo20220731113412; 31=233.73; 150=1; 39=1; 54=1; 44=233.73; 32=3672; 17=exec20220731113413; 38=18360; 60=2022-07-31-11:34:13; 6=233.73; 14=7344; 37=algo20220731113412; 10=240;
8=FIX4.4; 35=F; 34=65; 49=MTHREE; 56=MS; 52=2022-07-31-11:34:14; 41=algo20220731113412; 55=CSCO; 38=18360; 11=C_algo20220731113412; 60=2022-07-31-11:34:14; 10=060;
8=FIX4.4; 35=8; 34=87; 49=MS; 56=MTHREE; 52=2022-07-31-11:34:14; 55=CSCO; 11=C_algo20220731113412; 31=0; 150=6; 39=6; 54=1; 44=233.73; 17=exec20220731113414; 32=0; 41=algo20220731113412; 38=18360; 60=2022-07-31-11:34:14; 6=0.0; 14=7344; 37=algo20220731113412; 10=252;
8=FIX4.4; 35=8; 34=88; 49=MS; 56=MTHREE; 52=2022-07-31-11:34:14; 151=7344; 55=CSCO; 11=C_algo20220731113412; 31=0; 150=4; 39=4; 54=1; 17=exec20220731113414; 32=0; 41=algo20220731113412; 38=18360; 60=2022-07-31-11:34:14; 6=0.0; 14=7344; 37=algo20220731113412; 10=252;
8=FIX4.4; 35=D; 34=67; 49=MTHREE; 56=MS; 52=2022-07-31-11:34:16; 55=AMGN; 40=2; 38=1947; 21=2; 11=algo20220731113416; 60=2022-07-31-11:34:16; 54=2; 44=116.62; 10=0252;
8=FIX4.4; 35=8; 34=90; 49=MS; 56=MTHREE; 52=2022-07-31-11:34:16; 55=AMGN; 40=2; 11=algo20220731113416; 31=116.62; 150=0; 39=0; 54=2; 44=116.62; 32=0; 17=exec20220731113416; 38=1947; 60=2022-07-31-11:34:16; 6=0; 14=0; 37=algo20220731113416; 10=200;
8=FIX4.4; 35=F; 34=67; 49=MTHREE; 56=MS; 52=2022-07-31-11:34:16; 41=algo20220731113416; 55=AMGN; 38=1947; 11=C_algo20220731113416; 60=2022-07-31-11:34:16; 10=060;
8=FIX4.4; 35=8; 34=90; 49=MS; 56=MTHREE; 52=2022-07-31-11:34:16; 55=AMGN; 11=C_algo20220731113416; 31=0; 150=6; 39=6; 54=2; 44=116.62; 17=exec20220731113416; 32=0; 41=algo20220731113416; 38=1947; 60=2022-07-31-11:34:16; 6=0.0; 14=0; 37=algo20220731113416; 10=252;
8=FIX4.4; 35=8; 34=91; 49=MS; 56=MTHREE; 52=2022-07-31-11:34:16; 151=974; 55=AMGN; 11=C_algo20220731113416; 31=0; 150=4; 39=4; 54=2; 17=exec20220731113416; 32=0; 41=algo20220731113416; 38=1947; 60=2022-07-31-11:34:16; 6=0.0; 14=0; 37=algo20220731113416; 10=252;
8=FIX4.4; 35=D; 34=69; 49=MTHREE; 56=MS; 52=2022-07-31-11:34:18; 55=PYPL; 40=2; 38=11942; 21=2; 11=algo20220731113418; 60=2022-07-31-11:34:18; 54=1; 44=723.61; 10=0252;
8=FIX4.4; 35=8; 34=93; 49=MS; 56=MTHREE; 52=2022-07-31-11:34:18; 55=PYPL; 40=2; 11=algo20220731113418; 31=723.61; 150=0; 39=0; 54=1; 44=723.61; 32=0; 17=exec20220731113418; 38=11942; 60=2022-07-31-11:34:18; 6=0; 14=0; 37=algo20220731113418; 10=200;
8=FIX4.4; 35=8; 34=94; 49=MS; 56=MTHREE; 52=2022-07-31-11:34:18; 55=PYPL; 40=2; 11=algo20220731113418; 31=723.61; 150=1; 39=1; 54=1; 44=723.61; 32=5971; 17=exec20220731113418; 38=11942; 60=2022-07-31-11:34:18; 6=723.61; 14=5971; 37=algo20220731113418; 10=240;
8=FIX4.4; 35=8; 34=95; 49=MS; 56=MTHREE; 52=2022-07-31-11:34:20; 55=PYPL; 40=2; 11=algo20220731113418; 31=723.61; 150=2; 39=2; 54=1; 44=723.61; 32=5971; 17=exec20220731113420; 38=11942; 60=2022-07-31-11:34:20; 6=723.61; 14=11942; 37=algo20220731113418; 10=246;
8=FIX4.4; 35=D; 34=70; 49=MTHREE; 56=MS; 52=2022-07-31-11:34:20; 55=TSLA; 40=2; 38=6007; 21=2; 11=algo20220731113420; 60=2022-07-31-11:34:20; 54=2; 44=503.77; 10=0252;
8=FIX4.4; 35=8; 34=96; 49=MS; 56=MTHREE; 52=2022-07-31-11:34:20; 55=TSLA; 40=2; 11=algo20220731113420; 31=503.77; 150=0; 39=0; 54=2; 44=503.77; 32=0; 17=exec20220731113420; 38=6007; 60=2022-07-31-11:34:20; 6=0; 14=0; 37=algo20220731113420; 10=200;
8=FIX4.4; 35=F; 34=70; 49=MTHREE; 56=MS; 52=2022-07-31-11:34:20; 41=algo20220731113420; 55=TSLA; 38=6007; 11=C_algo20220731113420; 60=2022-07-31-11:34:20; 10=060;
8=FIX4.4; 35=8; 34=96; 49=MS; 56=MTHREE; 52=2022-07-31-11:34:20; 55=TSLA; 11=C_algo20220731113420; 31=0; 150=6; 39=6; 54=2; 44=503.77; 17=exec20220731113420; 32=0; 41=algo20220731113420; 38=6007; 60=2022-07-31-11:34:20; 6=0.0; 14=0; 37=algo20220731113420; 10=252;
8=FIX4.4; 35=8; 34=97; 49=MS; 56=MTHREE; 52=2022-07-31-11:34:20; 151=3004; 55=TSLA; 11=C_algo20220731113420; 31=0; 150=4; 39=4; 54=2; 17=exec20220731113420; 32=0; 41=algo20220731113420; 38=6007; 60=2022-07-31-11:34:20; 6=0.0; 14=0; 37=algo20220731113420; 10=252;
8=FIX4.4; 35=D; 34=72; 49=MTHREE; 56=MS; 52=2022-07-31-11:34:22; 55=TXN; 40=2; 38=16002; 21=2; 11=algo20220731113422; 60=2022-07-31-11:34:22; 54=1; 44=112.46; 10=0252;
8=FIX4.4; 35=8; 34=99; 49=MS; 56=MTHREE; 52=2022-07-31-11:34:22; 55=TXN; 40=2; 11=algo20220731113422; 31=112.46; 150=0; 39=0; 54=1; 44=112.46; 32=0; 17=exec20220731113422; 38=16002; 60=2022-07-31-11:34:22; 6=0; 14=0; 37=algo20220731113422; 10=200;
8=FIX4.4; 35=8; 34=100; 49=MS; 56=MTHREE; 52=2022-07-31-11:34:22; 55=TXN; 40=2; 11=algo20220731113422; 31=112.46; 150=1; 39=1; 54=1; 44=112.46; 32=8001; 17=exec20220731113422; 38=16002; 60=2022-07-31-11:34:22; 6=112.46; 14=8001; 37=algo20220731113422; 10=240;
8=FIX4.4; 35=8; 34=101; 49=MS; 56=MTHREE; 52=2022-07-31-11:34:24; 55=TXN; 40=2; 11=algo20220731113422; 31=112.46; 150=2; 39=2; 54=1; 44=112.46; 32=8001; 17=exec20220731113424; 38=16002; 60=2022-07-31-11:34:24; 6=112.46; 14=16002; 37=algo20220731113422; 10=246;
8=FIX4.4; 35=D; 34=73; 49=MTHREE; 56=MS; 52=2022-07-31-11:34:24; 55=AVGO; 40=2; 38=11884; 21=2; 11=algo20220731113424; 60=2022-07-31-11:34:24; 54=1; 44=262.99; 10=0252;
8=FIX4.4; 35=8; 34=102; 49=MS; 56=MTHREE; 52=2022-07-31-11:34:24; 55=AVGO; 40=2; 11=algo20220731113424; 31=262.99; 150=0; 39=0; 54=1; 44=262.99; 32=0; 17=exec20220731113424; 38=11884; 60=2022-07-31-11:34:24; 6=0; 14=0; 37=algo20220731113424; 10=200;
8=FIX4.4; 35=8; 34=103; 49=MS; 56=MTHREE; 52=2022-07-31-11:34:24; 55=AVGO; 40=2; 11=algo20220731113424; 31=262.99; 150=1; 39=1; 54=1; 44=262.99; 32=2971; 17=exec20220731113424; 38=11884; 60=2022-07-31-11:34:24; 6=262.99; 14=2971; 37=algo20220731113424; 10=240;
8=FIX4.4; 35=F; 34=73; 49=MTHREE; 56=MS; 52=2022-07-31-11:34:25; 41=algo20220731113424; 55=AVGO; 38=11884; 11=C_algo20220731113424; 60=2022-07-31-11:34:25; 10=060;
8=FIX4.4; 35=8; 34=103; 49=MS; 56=MTHREE; 52=2022-07-31-11:34:25; 55=AVGO; 11=C_algo20220731113424; 31=0; 150=6; 39=6; 54=1; 44=262.99; 17=exec20220731113425; 32=0; 41=algo20220731113424; 38=11884; 60=2022-07-31-11:34:25; 6=0.0; 14=2971; 37=algo20220731113424; 10=252;
8=FIX4.4; 35=8; 34=104; 49=MS; 56=MTHREE; 52=2022-07-31-11:34:25; 151=5942; 55=AVGO; 11=C_algo20220731113424; 31=0; 150=4; 39=4; 54=1; 17=exec20220731113425; 32=0; 41=algo20220731113424; 38=11884; 60=2022-07-31-11:34:25; 6=0.0; 14=2971; 37=algo20220731113424; 10=252;
8=FIX4.4; 35=D; 34=75; 49=MTHREE; 56=MS; 52=2022-07-31-11:34:27; 55=GILD; 40=2; 38=26422; 21=2; 11=algo20220731113427; 60=2022-07-31-11:34:27; 54=1; 44=82.91; 10=0252;
8=FIX4.4; 35=8; 34=106; 49=MS; 56=MTHREE; 52=2022-07-31-11:34:27; 55=GILD; 40=2; 11=algo20220731113427; 31=82.91; 150=0; 39=0; 54=1; 44=82.91; 32=0; 17=exec20220731113427; 38=26422; 60=2022-07-31-11:34:27; 6=0; 14=0; 37=algo20220731113427; 10=200;
8=FIX4.4; 35=8; 34=107; 49=MS; 56=MTHREE; 52=2022-07-31-11:34:27; 55=GILD; 40=2; 11=algo20220731113427; 31=82.91; 150=1; 39=1; 54=1; 44=82.91; 32=13211; 17=exec20220731113427; 38=26422; 60=2022-07-31-11:34:27; 6=82.91; 14=13211; 37=algo20220731113427; 10=240;
8=FIX4.4; 35=8; 34=108; 49=MS; 56=MTHREE; 52=2022-07-31-11:34:29; 55=GILD; 40=2; 11=algo20220731113427; 31=82.91; 150=2; 39=2; 54=1; 44=82.91; 32=13211; 17=exec20220731113429; 38=26422; 60=2022-07-31-11:34:29; 6=82.91; 14=26422; 37=algo20220731113427; 10=246;
8=FIX4.4; 35=D; 34=76; 49=MTHREE; 56=MS; 52=2022-07-31-11:34:29; 55=SBUX; 40=2; 38=20487; 21=2; 11=algo20220731113429; 60=2022-07-31-11:34:29; 54=2; 44=75.71; 10=0252;
8=FIX4.4; 35=8; 34=109; 49=MS; 56=MTHREE; 52=2022-07-31-11:34:29; 55=SBUX; 40=2; 11=algo20220731113429; 31=75.71; 150=0; 39=0; 54=2; 44=75.71; 32=0; 17=exec20220731113429; 38=20487; 60=2022-07-31-11:34:29; 6=0; 14=0; 37=algo20220731113429; 10=200;
8=FIX4.4; 35=F; 34=76; 49=MTHREE; 56=MS; 52=2022-07-31-11:34:29; 41=algo20220731113429; 55=SBUX; 38=20487; 11=C_algo20220731113429; 60=2022-07-31-11:34:29; 10=060;
8=FIX4.4; 35=8; 34=109; 49=MS; 56=MTHREE; 52=2022-07-31-11:34:29; 55=SBUX; 11=C_algo20220731113429; 31=0; 150=6; 39=6; 54=2; 44=75.71; 17=exec20220731113429; 32=0; 41=algo20220731113429; 38=20487; 60=2022-07-31-11:34:29; 6=0.0; 14=0; 37=algo20220731113429; 10=252;
8=FIX4.4; 35=8; 34=110; 49=MS; 56=MTHREE; 52=2022-07-31-11:34:29; 151=10244; 55=SBUX; 11=C_algo20220731113429; 31=0; 150=4; 39=4; 54=2; 17=exec20220731113429; 32=0; 41=algo20220731113429; 38=20487; 60=2022-07-31-11:34:29; 6=0.0; 14=0; 37=algo20220731113429; 10=252;
8=FIX4.4; 35=D; 34=78; 49=MTHREE; 56=MS; 52=2022-07-31-11:34:31; 55=QCOM; 40=2; 38=14552; 21=2; 11=algo20220731113431; 60=2022-07-31-11:34:31; 54=1; 44=75.47; 10=0252;
8=FIX4.4; 35=8; 34=112; 49=MS; 56=MTHREE; 52=2022-07-31-11:34:31; 55=QCOM; 40=2; 11=algo20220731113431; 31=75.47; 150=0; 39=0; 54=1; 44=75.47; 32=0; 17=exec20220731113431; 38=14552; 60=2022-07-31-11:34:31; 6=0; 14=0; 37=algo20220731113431; 10=200;
8=FIX4.4; 35=8; 34=113; 49=MS; 56=MTHREE; 52=2022-07-31-11:34:31; 55=QCOM; 40=2; 11=algo20220731113431; 31=75.47; 150=1; 39=1; 54=1; 44=75.47; 32=7276; 17=exec20220731113431; 38=14552; 60=2022-07-31-11:34:31; 6=75.47; 14=7276; 37=algo20220731113431; 10=240;
8=FIX4.4; 35=8; 34=114; 49=MS; 56=MTHREE; 52=2022-07-31-11:34:33; 55=QCOM; 40=2; 11=algo20220731113431; 31=75.47; 150=2; 39=2; 54=1; 44=75.47; 32=7276; 17=exec20220731113433; 38=14552; 60=2022-07-31-11:34:33; 6=75.47; 14=14552; 37=algo20220731113431; 10=246;
8=FIX4.4; 35=D; 34=79; 49=MTHREE; 56=MS; 52=2022-07-31-11:34:33; 55=TMUS; 40=2; 38=9526; 21=2; 11=algo20220731113433; 60=2022-07-31-11:34:33; 54=2; 44=90.74; 10=0252;
8=FIX4.4; 35=8; 34=115; 49=MS; 56=MTHREE; 52=2022-07-31-11:34:33; 55=TMUS; 40=2; 11=algo20220731113433; 31=90.74; 150=0; 39=0; 54=2; 44=90.74; 32=0; 17=exec20220731113433; 38=9526; 60=2022-07-31-11:34:33; 6=0; 14=0; 37=algo20220731113433; 10=200;
8=FIX4.4; 35=8; 34=116; 49=MS; 56=MTHREE; 52=2022-07-31-11:34:33; 55=TMUS; 40=2; 11=algo20220731113433; 31=90.74; 150=1; 39=1; 54=2; 44=90.74; 32=1905; 17=exec20220731113433; 38=9526; 60=2022-07-31-11:34:33; 6=90.74; 14=1905; 37=algo20220731113433; 10=240;
8=FIX4.4; 35=8; 34=117; 49=MS; 56=MTHREE; 52=2022-07-31-11:34:34; 55=TMUS; 40=2; 11=algo20220731113433; 31=90.74; 150=1; 39=1; 54=2; 44=90.74; 32=1905; 17=exec20220731113434; 38=9526; 60=2022-07-31-11:34:34; 6=90.74; 14=3810; 37=algo20220731113433; 10=240;
8=FIX4.4; 35=8; 34=118; 49=MS; 56=MTHREE; 52=2022-07-31-11:34:35; 55=TMUS; 40=2; 11=algo20220731113433; 31=90.74; 150=1; 39=1; 54=2; 44=90.74; 32=1905; 17=exec20220731113435; 38=9526; 60=2022-07-31-11:34:35; 6=90.74; 14=5715; 37=algo20220731113433; 10=240;
8=FIX4.4; 35=8; 34=119; 49=MS; 56=MTHREE; 52=2022-07-31-11:34:36; 55=TMUS; 40=2; 11=algo20220731113433; 31=90.74; 150=1; 39=1; 54=2; 44=90.74; 32=1905; 17=exec20220731113436; 38=9526; 60=2022-07-31-11:34:36; 6=90.74; 14=7620; 37=algo20220731113433; 10=240;
8=FIX4.4; 35=8; 34=120; 49=MS; 56=MTHREE; 52=2022-07-31-11:34:38; 55=TMUS; 40=2; 11=algo20220731113433; 31=90.74; 150=2; 39=2; 54=2; 44=90.74; 32=1906; 17=exec20220731113438; 38=9526; 60=2022-07-31-11:34:38; 6=90.74; 14=9526; 37=algo20220731113433; 10=246;
8=FIX4.4; 35=D; 34=80; 49=MTHREE; 56=MS; 52=2022-07-31-11:34:38; 55=MDLZ; 40=2; 38=30424; 21=2; 11=algo20220731113438; 60=2022-07-31-11:34:38; 54=1; 44=52.26; 10=0252;
8=FIX4.4; 35=8; 34=121; 49=MS; 56=MTHREE; 52=2022-07-31-11:34:38; 55=MDLZ; 40=2; 11=algo20220731113438; 31=52.26; 150=0; 39=0; 54=1; 44=52.26; 32=0; 17=exec20220731113438; 38=30424; 60=2022-07-31-11:34:38; 6=0; 14=0; 37=algo20220731113438; 10=200;
8=FIX4.4; 35=8; 34=122; 49=MS; 56=MTHREE; 52=2022-07-31-11:34:38; 55=MDLZ; 40=2; 11=algo20220731113438; 31=52.26; 150=1; 39=1; 54=1; 44=52.26; 32=10141; 17=exec20220731113438; 38=30424; 60=2022-07-31-11:34:38; 6=52.26; 14=10141; 37=algo20220731113438; 10=240;
8=FIX4.4; 35=8; 34=123; 49=MS; 56=MTHREE; 52=2022-07-31-11:34:40; 55=MDLZ; 40=2; 11=algo20220731113438; 31=52.26; 150=1; 39=1; 54=1; 44=52.26; 32=10141; 17=exec20220731113439; 38=30424; 60=2022-07-31-11:34:40; 6=52.26; 14=20282; 37=algo20220731113438; 10=240;
8=FIX4.4; 35=8; 34=124; 49=MS; 56=MTHREE; 52=2022-07-31-11:34:42; 55=MDLZ; 40=2; 11=algo20220731113438; 31=52.26; 150=2; 39=2; 54=1; 44=52.26; 32=10142; 17=exec20220731113442; 38=30424; 60=2022-07-31-11:34:42; 6=52.26; 14=30424; 37=algo20220731113438; 10=246;
8=FIX4.4; 35=D; 34=81; 49=MTHREE; 56=MS; 52=2022-07-31-11:34:42; 55=BAC; 40=2; 38=28123; 21=2; 11=algo20220731113442; 60=2022-07-31-11:34:42; 54=2; 44=22.03; 10=0252;
8=FIX4.4; 35=8; 34=125; 49=MS; 56=MTHREE; 52=2022-07-31-11:34:42; 55=BAC; 40=2; 11=algo20220731113442; 31=22.03; 150=0; 39=0; 54=2; 44=22.03; 32=0; 17=exec20220731113442; 38=28123; 60=2022-07-31-11:34:42; 6=0; 14=0; 37=algo20220731113442; 10=200;
8=FIX4.4; 35=F; 34=81; 49=MTHREE; 56=MS; 52=2022-07-31-11:34:42; 41=algo20220731113442; 55=BAC; 38=28123; 11=C_algo20220731113442; 60=2022-07-31-11:34:42; 10=060;
8=FIX4.4; 35=8; 34=125; 49=MS; 56=MTHREE; 52=2022-07-31-11:34:42; 55=BAC; 11=C_algo20220731113442; 31=0; 150=6; 39=6; 54=2; 44=22.03; 17=exec20220731113442; 32=0; 41=algo20220731113442; 38=28123; 60=2022-07-31-11:34:42; 6=0.0; 14=0; 37=algo20220731113442; 10=252;
8=FIX4.4; 35=8; 34=126; 49=MS; 56=MTHREE; 52=2022-07-31-11:34:42; 151=18749; 55=BAC; 11=C_algo20220731113442; 31=0; 150=4; 39=4; 54=2; 17=exec20220731113442; 32=0; 41=algo20220731113442; 38=28123; 60=2022-07-31-11:34:42; 6=0.0; 14=0; 37=algo20220731113442; 10=252;
8=FIX4.4; 35=D; 34=83; 49=MTHREE; 56=MS; 52=2022-07-31-11:34:44; 55=DDD; 40=2; 38=6259; 21=2; 11=algo20220731113444; 60=2022-07-31-11:34:44; 54=1; 44=8.01; 10=0252;
8=FIX4.4; 35=8; 34=128; 49=MS; 56=MTHREE; 52=2022-07-31-11:34:44; 55=DDD; 40=2; 11=algo20220731113444; 31=8.01; 150=0; 39=0; 54=1; 44=8.01; 32=0; 17=exec20220731113444; 38=6259; 60=2022-07-31-11:34:44; 6=0; 14=0; 37=algo20220731113444; 10=200;
8=FIX4.4; 35=F; 34=83; 49=MTHREE; 56=MS; 52=2022-07-31-11:34:44; 41=algo20220731113444; 55=DDD; 38=6259; 11=C_algo20220731113444; 60=2022-07-31-11:34:44; 10=060;
8=FIX4.4; 35=8; 34=128; 49=MS; 56=MTHREE; 52=2022-07-31-11:34:44; 55=DDD; 11=C_algo20220731113444; 31=0; 150=6; 39=6; 54=1; 44=8.01; 17=exec20220731113444; 32=0; 41=algo20220731113444; 38=6259; 60=2022-07-31-11:34:44; 6=0.0; 14=0; 37=algo20220731113444; 10=252;
8=FIX4.4; 35=8; 34=129; 49=MS; 56=MTHREE; 52=2022-07-31-11:34:44; 151=4173; 55=DDD; 11=C_algo20220731113444; 31=0; 150=4; 39=4; 54=1; 17=exec20220731113444; 32=0; 41=algo20220731113444; 38=6259; 60=2022-07-31-11:34:44; 6=0.0; 14=0; 37=algo20220731113444; 10=252;
8=FIX4.4; 35=D; 34=85; 49=MTHREE; 56=MS; 52=2022-07-31-11:34:46; 55=MMM; 40=2; 38=324; 21=2; 11=algo20220731113446; 60=2022-07-31-11:34:46; 54=2; 44=146.98; 10=0252;
8=FIX4.4; 35=8; 34=131; 49=MS; 56=MTHREE; 52=2022-07-31-11:34:46; 55=MMM; 40=2; 11=algo20220731113446; 31=146.98; 150=0; 39=0; 54=2; 44=146.98; 32=0; 17=exec20220731113446; 38=324; 60=2022-07-31-11:34:46; 6=0; 14=0; 37=algo20220731113446; 10=200;
8=FIX4.4; 35=8; 34=132; 49=MS; 56=MTHREE; 52=2022-07-31-11:34:46; 55=MMM; 40=2; 11=algo20220731113446; 31=146.98; 150=1; 39=1; 54=2; 44=146.98; 32=108; 17=exec20220731113446; 38=324; 60=2022-07-31-11:34:46; 6=146.98; 14=108; 37=algo20220731113446; 10=240;
8=FIX4.4; 35=8; 34=133; 49=MS; 56=MTHREE; 52=2022-07-31-11:34:47; 55=MMM; 40=2; 11=algo20220731113446; 31=146.98; 150=1; 39=1; 54=2; 44=146.98; 32=108; 17=exec20220731113447; 38=324; 60=2022-07-31-11:34:47; 6=146.98; 14=216; 37=algo20220731113446; 10=240;
8=FIX4.4; 35=8; 34=134; 49=MS; 56=MTHREE; 52=2022-07-31-11:34:49; 55=MMM; 40=2; 11=algo20220731113446; 31=146.98; 150=2; 39=2; 54=2; 44=146.98; 32=108; 17=exec20220731113449; 38=324; 60=2022-07-31-11:34:49; 6=146.98; 14=324; 37=algo20220731113446; 10=246;
8=FIX4.4; 35=D; 34=86; 49=MTHREE; 56=MS; 52=2022-07-31-11:34:49; 55=WBAI; 40=2; 38=30791; 21=2; 11=algo20220731113449; 60=2022-07-31-11:34:49; 54=2; 44=4.10; 10=0252;
8=FIX4.4; 35=8; 34=135; 49=MS; 56=MTHREE; 52=2022-07-31-11:34:49; 55=WBAI; 40=2; 11=algo20220731113449; 31=4.10; 150=0; 39=0; 54=2; 44=4.10; 32=0; 17=exec20220731113449; 38=30791; 60=2022-07-31-11:34:49; 6=0; 14=0; 37=algo20220731113449; 10=200;
8=FIX4.4; 35=8; 34=136; 49=MS; 56=MTHREE; 52=2022-07-31-11:34:50; 55=WBAI; 40=2; 11=algo20220731113449; 31=4.10; 150=2; 39=2; 54=2; 44=4.10; 32=30791; 17=exec20220731113450; 38=30791; 60=2022-07-31-11:34:50; 6=4.10; 14=30791; 37=algo20220731113449; 10=246;
8=FIX4.4; 35=D; 34=87; 49=MTHREE; 56=MS; 52=2022-07-31-11:34:50; 55=WUBA; 40=2; 38=22130; 21=2; 11=algo20220731113450; 60=2022-07-31-11:34:50; 54=1; 44=51.41; 10=0252;
8=FIX4.4; 35=8; 34=137; 49=MS; 56=MTHREE; 52=2022-07-31-11:34:50; 55=WUBA; 40=2; 11=algo20220731113450; 31=51.41; 150=0; 39=0; 54=1; 44=51.41; 32=0; 17=exec20220731113450; 38=22130; 60=2022-07-31-11:34:50; 6=0; 14=0; 37=algo20220731113450; 10=200;
8=FIX4.4; 35=8; 34=138; 49=MS; 56=MTHREE; 52=2022-07-31-11:34:50; 55=WUBA; 40=2; 11=algo20220731113450; 31=51.41; 150=1; 39=1; 54=1; 44=51.41; 32=4426; 17=exec20220731113450; 38=22130; 60=2022-07-31-11:34:50; 6=51.41; 14=4426; 37=algo20220731113450; 10=240;
8=FIX4.4; 35=8; 34=139; 49=MS; 56=MTHREE; 52=2022-07-31-11:34:51; 55=WUBA; 40=2; 11=algo20220731113450; 31=51.41; 150=1; 39=1; 54=1; 44=51.41; 32=4426; 17=exec20220731113451; 38=22130; 60=2022-07-31-11:34:51; 6=51.41; 14=8852; 37=algo20220731113450; 10=240;
8=FIX4.4; 35=F; 34=87; 49=MTHREE; 56=MS; 52=2022-07-31-11:34:52; 41=algo20220731113450; 55=WUBA; 38=22130; 11=C_algo20220731113450; 60=2022-07-31-11:34:52; 10=060;
8=FIX4.4; 35=8; 34=139; 49=MS; 56=MTHREE; 52=2022-07-31-11:34:52; 55=WUBA; 11=C_algo20220731113450; 31=0; 150=6; 39=6; 54=1; 44=51.41; 17=exec20220731113452; 32=0; 41=algo20220731113450; 38=22130; 60=2022-07-31-11:34:52; 6=0.0; 14=8852; 37=algo20220731113450; 10=252;
8=FIX4.4; 35=8; 34=140; 49=MS; 56=MTHREE; 52=2022-07-31-11:34:52; 151=8852; 55=WUBA; 11=C_algo20220731113450; 31=0; 150=4; 39=4; 54=1; 17=exec20220731113452; 32=0; 41=algo20220731113450; 38=22130; 60=2022-07-31-11:34:52; 6=0.0; 14=8852; 37=algo20220731113450; 10=252;
8=FIX4.4; 35=D; 34=89; 49=MTHREE; 56=MS; 52=2022-07-31-11:34:54; 55=EGHT; 40=2; 38=5717; 21=2; 11=algo20220731113454; 60=2022-07-31-11:34:54; 54=2; 44=17.03; 10=0252;
8=FIX4.4; 35=8; 34=142; 49=MS; 56=MTHREE; 52=2022-07-31-11:34:54; 55=EGHT; 40=2; 11=algo20220731113454; 31=17.03; 150=0; 39=0; 54=2; 44=17.03; 32=0; 17=exec20220731113454; 38=5717; 60=2022-07-31-11:34:54; 6=0; 14=0; 37=algo20220731113454; 10=200;
8=FIX4.4; 35=F; 34=89; 49=MTHREE; 56=MS; 52=2022-07-31-11:34:54; 41=algo20220731113454; 55=EGHT; 38=5717; 11=C_algo20220731113454; 60=2022-07-31-11:34:54; 10=060;
8=FIX4.4; 35=8; 34=142; 49=MS; 56=MTHREE; 52=2022-07-31-11:34:54; 55=EGHT; 11=C_algo20220731113454; 31=0; 150=6; 39=6; 54=2; 44=17.03; 17=exec20220731113454; 32=0; 41=algo20220731113454; 38=5717; 60=2022-07-31-11:34:54; 6=0.0; 14=0; 37=algo20220731113454; 10=252;
8=FIX4.4; 35=8; 34=143; 49=MS; 56=MTHREE; 52=2022-07-31-11:34:54; 151=2859; 55=EGHT; 11=C_algo20220731113454; 31=0; 150=4; 39=4; 54=2; 17=exec20220731113454; 32=0; 41=algo20220731113454; 38=5717; 60=2022-07-31-11:34:54; 6=0.0; 14=0; 37=algo20220731113454; 10=252;
8=FIX4.4; 35=D; 34=91; 49=MTHREE; 56=MS; 52=2022-07-31-11:34:56; 55=AHC; 40=2; 38=15712; 21=2; 11=algo20220731113456; 60=2022-07-31-11:34:56; 54=1; 44=1.40; 10=0252;
8=FIX4.4; 35=8; 34=145; 49=MS; 56=MTHREE; 52=2022-07-31-11:34:56; 55=AHC; 40=2; 11=algo20220731113456; 31=1.40; 150=0; 39=0; 54=1; 44=1.40; 32=0; 17=exec20220731113456; 38=15712; 60=2022-07-31-11:34:56; 6=0; 14=0; 37=algo20220731113456; 10=200;
8=FIX4.4; 35=8; 34=146; 49=MS; 56=MTHREE; 52=2022-07-31-11:34:56; 55=AHC; 40=2; 11=algo20220731113456; 31=1.40; 150=1; 39=1; 54=1; 44=1.40; 32=7856; 17=exec20220731113456; 38=15712; 60=2022-07-31-11:34:56; 6=1.40; 14=7856; 37=algo20220731113456; 10=240;
8=FIX4.4; 35=8; 34=147; 49=MS; 56=MTHREE; 52=2022-07-31-11:34:58; 55=AHC; 40=2; 11=algo20220731113456; 31=1.40; 150=2; 39=2; 54=1; 44=1.40; 32=7856; 17=exec20220731113458; 38=15712; 60=2022-07-31-11:34:58; 6=1.40; 14=15712; 37=algo20220731113456; 10=246;
8=FIX4.4; 35=D; 34=92; 49=MTHREE; 56=MS; 52=2022-07-31-11:34:58; 55=AOS; 40=2; 38=9777; 21=2; 11=algo20220731113458; 60=2022-07-31-11:34:58; 54=2; 44=40.38; 10=0252;
8=FIX4.4; 35=8; 34=148; 49=MS; 56=MTHREE; 52=2022-07-31-11:34:58; 55=AOS; 40=2; 11=algo20220731113458; 31=40.38; 150=0; 39=0; 54=2; 44=40.38; 32=0; 17=exec20220731113458; 38=9777; 60=2022-07-31-11:34:58; 6=0; 14=0; 37=algo20220731113458; 10=200;
8=FIX4.4; 35=F; 34=92; 49=MTHREE; 56=MS; 52=2022-07-31-11:34:58; 41=algo20220731113458; 55=AOS; 38=9777; 11=C_algo20220731113458; 60=2022-07-31-11:34:58; 10=060;
8=FIX4.4; 35=8; 34=148; 49=MS; 56=MTHREE; 52=2022-07-31-11:34:58; 55=AOS; 11=C_algo20220731113458; 31=0; 150=6; 39=6; 54=2; 44=40.38; 17=exec20220731113458; 32=0; 41=algo20220731113458; 38=9777; 60=2022-07-31-11:34:58; 6=0.0; 14=0; 37=algo20220731113458; 10=252;
8=FIX4.4; 35=8; 34=149; 49=MS; 56=MTHREE; 52=2022-07-31-11:34:58; 151=4889; 55=AOS; 11=C_algo20220731113458; 31=0; 150=4; 39=4; 54=2; 17=exec20220731113458; 32=0; 41=algo20220731113458; 38=9777; 60=2022-07-31-11:34:58; 6=0.0; 14=0; 37=algo20220731113458; 10=252;
8=FIX4.4; 35=D; 34=94; 49=MTHREE; 56=MS; 52=2022-07-31-11:35:00; 55=ATEN; 40=2; 38=3842; 21=2; 11=algo20220731113500; 60=2022-07-31-11:35:00; 54=1; 44=6.45; 10=0252;
8=FIX4.4; 35=8; 34=151; 49=MS; 56=MTHREE; 52=2022-07-31-11:35:00; 55=ATEN; 40=2; 11=algo20220731113500; 31=6.45; 150=0; 39=0; 54=1; 44=6.45; 32=0; 17=exec20220731113500; 38=3842; 60=2022-07-31-11:35:00; 6=0; 14=0; 37=algo20220731113500; 10=200;
8=FIX4.4; 35=8; 34=152; 49=MS; 56=MTHREE; 52=2022-07-31-11:35:00; 55=ATEN; 40=2; 11=algo20220731113500; 31=6.45; 150=1; 39=1; 54=1; 44=6.45; 32=1921; 17=exec20220731113500; 38=3842; 60=2022-07-31-11:35:00; 6=6.45; 14=1921; 37=algo20220731113500; 10=240;
8=FIX4.4; 35=8; 34=153; 49=MS; 56=MTHREE; 52=2022-07-31-11:35:02; 55=ATEN; 40=2; 11=algo20220731113500; 31=6.45; 150=2; 39=2; 54=1; 44=6.45; 32=1921; 17=exec20220731113502; 38=3842; 60=2022-07-31-11:35:02; 6=6.45; 14=3842; 37=algo20220731113500; 10=246;
8=FIX4.4; 35=D; 34=95; 49=MTHREE; 56=MS; 52=2022-07-31-11:35:02; 55=AIR; 40=2; 38=30675; 21=2; 11=algo20220731113502; 60=2022-07-31-11:35:02; 54=2; 44=16.31; 10=0252;
8=FIX4.4; 35=8; 34=154; 49=MS; 56=MTHREE; 52=2022-07-31-11:35:02; 55=AIR; 40=2; 11=algo20220731113502; 31=16.31; 150=0; 39=0; 54=2; 44=16.31; 32=0; 17=exec20220731113502; 38=30675; 60=2022-07-31-11:35:02; 6=0; 14=0; 37=algo20220731113502; 10=200;
8=FIX4.4; 35=F; 34=95; 49=MTHREE; 56=MS; 52=2022-07-31-11:35:02; 41=algo20220731113502; 55=AIR; 38=30675; 11=C_algo20220731113502; 60=2022-07-31-11:35:02; 10=060;
8=FIX4.4; 35=8; 34=154; 49=MS; 56=MTHREE; 52=2022-07-31-11:35:02; 55=AIR; 11=C_algo20220731113502; 31=0; 150=6; 39=6; 54=2; 44=16.31; 17=exec20220731113502; 32=0; 41=algo20220731113502; 38=30675; 60=2022-07-31-11:35:02; 6=0.0; 14=0; 37=algo20220731113502; 10=252;
8=FIX4.4; 35=8; 34=155; 49=MS; 56=MTHREE; 52=2022-07-31-11:35:02; 151=24540; 55=AIR; 11=C_algo20220731113502; 31=0; 150=4; 39=4; 54=2; 17=exec20220731113502; 32=0; 41=algo20220731113502; 38=30675; 60=2022-07-31-11:35:02; 6=0.0; 14=0; 37=algo20220731113502; 10=252;
8=FIX4.4; 35=D; 34=97; 49=MTHREE; 56=MS; 52=2022-07-31-11:35:04; 55=AAN; 40=2; 38=7902; 21=2; 11=algo20220731113504; 60=2022-07-31-11:35:04; 54=1; 44=25.68; 10=0252;
8=FIX4.4; 35=8; 34=157; 49=MS; 56=MTHREE; 52=2022-07-31-11:35:04; 55=AAN; 40=2; 11=algo20220731113504; 31=25.68; 150=0; 39=0; 54=1; 44=25.68; 32=0; 17=exec20220731113504; 38=7902; 60=2022-07-31-11:35:04; 6=0; 14=0; 37=algo20220731113504; 10=200;
8=FIX4.4; 35=8; 34=158; 49=MS; 56=MTHREE; 52=2022-07-31-11:35:04; 55=AAN; 40=2; 11=algo20220731113504; 31=25.68; 150=1; 39=1; 54=1; 44=25.68; 32=3951; 17=exec20220731113504; 38=7902; 60=2022-07-31-11:35:04; 6=25.68; 14=3951; 37=algo20220731113504; 10=240;
8=FIX4.4; 35=8; 34=159; 49=MS; 56=MTHREE; 52=2022-07-31-11:35:06; 55=AAN; 40=2; 11=algo20220731113504; 31=25.68; 150=2; 39=2; 54=1; 44=25.68; 32=3951; 17=exec20220731113506; 38=7902; 60=2022-07-31-11:35:06; 6=25.68; 14=7902; 37=algo20220731113504; 10=246;
8=FIX4.4; 35=D; 34=98; 49=MTHREE; 56=MS; 52=2022-07-31-11:35:06; 55=ABB; 40=2; 38=1967; 21=2; 11=algo20220731113506; 60=2022-07-31-11:35:06; 54=2; 44=17.42; 10=0252;
8=FIX4.4; 35=8; 34=160; 49=MS; 56=MTHREE; 52=2022-07-31-11:35:06; 55=ABB; 40=2; 11=algo20220731113506; 31=17.42; 150=0; 39=0; 54=2; 44=17.42; 32=0; 17=exec20220731113506; 38=1967; 60=2022-07-31-11:35:06; 6=0; 14=0; 37=algo20220731113506; 10=200;
8=FIX4.4; 35=F; 34=98; 49=MTHREE; 56=MS; 52=2022-07-31-11:35:06; 41=algo20220731113506; 55=ABB; 38=1967; 11=C_algo20220731113506; 60=2022-07-31-11:35:06; 10=060;
8=FIX4.4; 35=8; 34=160; 49=MS; 56=MTHREE; 52=2022-07-31-11:35:06; 55=ABB; 11=C_algo20220731113506; 31=0; 150=6; 39=6; 54=2; 44=17.42; 17=exec20220731113506; 32=0; 41=algo20220731113506; 38=1967; 60=2022-07-31-11:35:06; 6=0.0; 14=0; 37=algo20220731113506; 10=252;
8=FIX4.4; 35=8; 34=161; 49=MS; 56=MTHREE; 52=2022-07-31-11:35:06; 151=984; 55=ABB; 11=C_algo20220731113506; 31=0; 150=4; 39=4; 54=2; 17=exec20220731113506; 32=0; 41=algo20220731113506; 38=1967; 60=2022-07-31-11:35:06; 6=0.0; 14=0; 37=algo20220731113506; 10=252;
8=FIX4.4; 35=D; 34=100; 49=MTHREE; 56=MS; 52=2022-07-31-11:35:08; 55=ABT; 40=2; 38=11962; 21=2; 11=algo20220731113508; 60=2022-07-31-11:35:08; 54=1; 44=94.04; 10=0252;
8=FIX4.4; 35=8; 34=163; 49=MS; 56=MTHREE; 52=2022-07-31-11:35:08; 55=ABT; 40=2; 11=algo20220731113508; 31=94.04; 150=0; 39=0; 54=1; 44=94.04; 32=0; 17=exec20220731113508; 38=11962; 60=2022-07-31-11:35:08; 6=0; 14=0; 37=algo20220731113508; 10=200;
8=FIX4.4; 35=8; 34=164; 49=MS; 56=MTHREE; 52=2022-07-31-11:35:09; 55=ABT; 40=2; 11=algo20220731113508; 31=94.04; 150=2; 39=2; 54=1; 44=94.04; 32=11962; 17=exec20220731113509; 38=11962; 60=2022-07-31-11:35:09; 6=94.04; 14=11962; 37=algo20220731113508; 10=246;
8=FIX4.4; 35=D; 34=101; 49=MTHREE; 56=MS; 52=2022-07-31-11:35:09; 55=ABBV; 40=2; 38=19231; 21=2; 11=algo20220731113509; 60=2022-07-31-11:35:09; 54=1; 44=83.60; 10=0252;
8=FIX4.4; 35=8; 34=165; 49=MS; 56=MTHREE; 52=2022-07-31-11:35:09; 55=ABBV; 40=2; 11=algo20220731113509; 31=83.60; 150=0; 39=0; 54=1; 44=83.60; 32=0; 17=exec20220731113509; 38=19231; 60=2022-07-31-11:35:09; 6=0; 14=0; 37=algo20220731113509; 10=200;
8=FIX4.4; 35=F; 34=101; 49=MTHREE; 56=MS; 52=2022-07-31-11:35:09; 41=algo20220731113509; 55=ABBV; 38=19231; 11=C_algo20220731113509; 60=2022-07-31-11:35:09; 10=060;
8=FIX4.4; 35=8; 34=165; 49=MS; 56=MTHREE; 52=2022-07-31-11:35:09; 55=ABBV; 11=C_algo20220731113509; 31=0; 150=6; 39=6; 54=1; 44=83.60; 17=exec20220731113509; 32=0; 41=algo20220731113509; 38=19231; 60=2022-07-31-11:35:09; 6=0.0; 14=0; 37=algo20220731113509; 10=252;
8=FIX4.4; 35=8; 34=166; 49=MS; 56=MTHREE; 52=2022-07-31-11:35:09; 151=15385; 55=ABBV; 11=C_algo20220731113509; 31=0; 150=4; 39=4; 54=1; 17=exec20220731113509; 32=0; 41=algo20220731113509; 38=19231; 60=2022-07-31-11:35:09; 6=0.0; 14=0; 37=algo20220731113509; 10=252;
8=FIX4.4; 35=D; 34=103; 49=MTHREE; 56=MS; 52=2022-07-31-11:35:11; 55=ANF; 40=2; 38=29226; 21=2; 11=algo20220731113511; 60=2022-07-31-11:35:11; 54=2; 44=9.10; 10=0252;
8=FIX4.4; 35=8; 34=168; 49=MS; 56=MTHREE; 52=2022-07-31-11:35:11; 55=ANF; 40=2; 11=algo20220731113511; 31=9.10; 150=0; 39=0; 54=2; 44=9.10; 32=0; 17=exec20220731113511; 38=29226; 60=2022-07-31-11:35:11; 6=0; 14=0; 37=algo20220731113511; 10=200;
8=FIX4.4; 35=F; 34=103; 49=MTHREE; 56=MS; 52=2022-07-31-11:35:11; 41=algo20220731113511; 55=ANF; 38=29226; 11=C_algo20220731113511; 60=2022-07-31-11:35:11; 10=060;
8=FIX4.4; 35=8; 34=168; 49=MS; 56=MTHREE; 52=2022-07-31-11:35:11; 55=ANF; 11=C_algo20220731113511; 31=0; 150=6; 39=6; 54=2; 44=9.10; 17=exec20220731113511; 32=0; 41=algo20220731113511; 38=29226; 60=2022-07-31-11:35:11; 6=0.0; 14=0; 37=algo20220731113511; 10=252;
8=FIX4.4; 35=8; 34=169; 49=MS; 56=MTHREE; 52=2022-07-31-11:35:11; 151=23381; 55=ANF; 11=C_algo20220731113511; 31=0; 150=4; 39=4; 54=2; 17=exec20220731113511; 32=0; 41=algo20220731113511; 38=29226; 60=2022-07-31-11:35:11; 6=0.0; 14=0; 37=algo20220731113511; 10=252;
8=FIX4.4; 35=D; 34=105; 49=MTHREE; 56=MS; 52=2022-07-31-11:35:14; 55=ABM; 40=2; 38=23291; 21=2; 11=algo20220731113514; 60=2022-07-31-11:35:14; 54=1; 44=31.64; 10=0252;
8=FIX4.4; 35=8; 34=171; 49=MS; 56=MTHREE; 52=2022-07-31-11:35:14; 55=ABM; 40=2; 11=algo20220731113514; 31=31.64; 150=0; 39=0; 54=1; 44=31.64; 32=0; 17=exec20220731113514; 38=23291; 60=2022-07-31-11:35:14; 6=0; 14=0; 37=algo20220731113514; 10=200;
8=FIX4.4; 35=8; 34=172; 49=MS; 56=MTHREE; 52=2022-07-31-11:35:14; 55=ABM; 40=2; 11=algo20220731113514; 31=31.64; 150=1; 39=1; 54=1; 44=31.64; 32=4658; 17=exec20220731113514; 38=23291; 60=2022-07-31-11:35:14; 6=31.64; 14=4658; 37=algo20220731113514; 10=240;
8=FIX4.4; 35=F; 34=105; 49=MTHREE; 56=MS; 52=2022-07-31-11:35:15; 41=algo20220731113514; 55=ABM; 38=23291; 11=C_algo20220731113514; 60=2022-07-31-11:35:15; 10=060;
8=FIX4.4; 35=8; 34=172; 49=MS; 56=MTHREE; 52=2022-07-31-11:35:15; 55=ABM; 11=C_algo20220731113514; 31=0; 150=6; 39=6; 54=1; 44=31.64; 17=exec20220731113515; 32=0; 41=algo20220731113514; 38=23291; 60=2022-07-31-11:35:15; 6=0.0; 14=4658; 37=algo20220731113514; 10=252;
8=FIX4.4; 35=8; 34=173; 49=MS; 56=MTHREE; 52=2022-07-31-11:35:15; 151=13975; 55=ABM; 11=C_algo20220731113514; 31=0; 150=4; 39=4; 54=1; 17=exec20220731113515; 32=0; 41=algo20220731113514; 38=23291; 60=2022-07-31-11:35:15; 6=0.0; 14=4658; 37=algo20220731113514; 10=252;
8=FIX4.4; 35=D; 34=107; 49=MTHREE; 56=MS; 52=2022-07-31-11:35:17; 55=AAPL; 40=2; 38=20081; 21=2; 11=algo20220731113517; 60=2022-07-31-11:35:17; 54=2; 44=284.65; 10=0252;
8=FIX4.4; 35=8; 34=175; 49=MS; 56=MTHREE; 52=2022-07-31-11:35:17; 55=AAPL; 40=2; 11=algo20220731113517; 31=284.65; 150=0; 39=0; 54=2; 44=284.65; 32=0; 17=exec20220731113517; 38=20081; 60=2022-07-31-11:35:17; 6=0; 14=0; 37=algo20220731113517; 10=200;
8=FIX4.4; 35=8; 34=176; 49=MS; 56=MTHREE; 52=2022-07-31-11:35:18; 55=AAPL; 40=2; 11=algo20220731113517; 31=284.65; 150=2; 39=2; 54=2; 44=284.65; 32=20081; 17=exec20220731113518; 38=20081; 60=2022-07-31-11:35:18; 6=284.65; 14=20081; 37=algo20220731113517; 10=246;
8=FIX4.4; 35=D; 34=108; 49=MTHREE; 56=MS; 52=2022-07-31-11:35:18; 55=PEP; 40=2; 38=27350; 21=2; 11=algo20220731113518; 60=2022-07-31-11:35:18; 54=1; 44=45.43; 10=0252;
8=FIX4.4; 35=8; 34=177; 49=MS; 56=MTHREE; 52=2022-07-31-11:35:18; 55=PEP; 40=2; 11=algo20220731113518; 31=45.43; 150=0; 39=0; 54=1; 44=45.43; 32=0; 17=exec20220731113518; 38=27350; 60=2022-07-31-11:35:18; 6=0; 14=0; 37=algo20220731113518; 10=200;
8=FIX4.4; 35=8; 34=178; 49=MS; 56=MTHREE; 52=2022-07-31-11:35:18; 55=PEP; 40=2; 11=algo20220731113518; 31=45.43; 150=1; 39=1; 54=1; 44=45.43; 32=5470; 17=exec20220731113518; 38=27350; 60=2022-07-31-11:35:18; 6=45.43; 14=5470; 37=algo20220731113518; 10=240;
8=FIX4.4; 35=8; 34=179; 49=MS; 56=MTHREE; 52=2022-07-31-11:35:19; 55=PEP; 40=2; 11=algo20220731113518; 31=45.43; 150=1; 39=1; 54=1; 44=45.43; 32=5470; 17=exec20220731113519; 38=27350; 60=2022-07-31-11:35:19; 6=45.43; 14=10940; 37=algo20220731113518; 10=240;
8=FIX4.4; 35=8; 34=180; 49=MS; 56=MTHREE; 52=2022-07-31-11:35:20; 55=PEP; 40=2; 11=algo20220731113518; 31=45.43; 150=1; 39=1; 54=1; 44=45.43; 32=5470; 17=exec20220731113520; 38=27350; 60=2022-07-31-11:35:20; 6=45.43; 14=16410; 37=algo20220731113518; 10=240;
8=FIX4.4; 35=F; 34=108; 49=MTHREE; 56=MS; 52=2022-07-31-11:35:21; 41=algo20220731113518; 55=PEP; 38=27350; 11=C_algo20220731113518; 60=2022-07-31-11:35:21; 10=060;
8=FIX4.4; 35=8; 34=180; 49=MS; 56=MTHREE; 52=2022-07-31-11:35:21; 55=PEP; 11=C_algo20220731113518; 31=0; 150=6; 39=6; 54=1; 44=45.43; 17=exec20220731113521; 32=0; 41=algo20220731113518; 38=27350; 60=2022-07-31-11:35:21; 6=0.0; 14=16410; 37=algo20220731113518; 10=252;
8=FIX4.4; 35=8; 34=181; 49=MS; 56=MTHREE; 52=2022-07-31-11:35:21; 151=5470; 55=PEP; 11=C_algo20220731113518; 31=0; 150=4; 39=4; 54=1; 17=exec20220731113521; 32=0; 41=algo20220731113518; 38=27350; 60=2022-07-31-11:35:21; 6=0.0; 14=16410; 37=algo20220731113518; 10=252;
8=FIX4.4; 35=D; 34=110; 49=MTHREE; 56=MS; 52=2022-07-31-11:35:23; 55=; 40=2; 38=30502; 21=2; 11=algo20220731113523; 60=2022-07-31-11:35:23; 54=2; 44=; 10=0252;
8=FIX4.4; 35=8; 34=183; 49=MS; 56=MTHREE; 52=2022-07-31-11:35:23; 55=; 40=2; 11=algo20220731113523; 31=; 150=0; 39=0; 54=2; 44=; 32=0; 17=exec20220731113523; 38=30502; 60=2022-07-31-11:35:23; 6=0; 14=0; 37=algo20220731113523; 10=200;
8=FIX4.4; 35=8; 34=184; 49=MS; 56=MTHREE; 52=2022-07-31-11:35:24; 55=; 40=2; 11=algo20220731113523; 31=; 150=2; 39=2; 54=2; 44=; 32=30502; 17=exec20220731113524; 38=30502; 60=2022-07-31-11:35:24; 6=; 14=30502; 37=algo20220731113523; 10=246;
